{"/home/travis/build/npmtest/node-npmtest-react-image-gallery/test.js":{"path":"/home/travis/build/npmtest/node-npmtest-react-image-gallery/test.js","s":{"1":2,"2":2,"3":2,"4":2,"5":2,"6":2,"7":2,"8":1,"9":2,"10":2,"11":1,"12":1,"13":1,"14":1,"15":2,"16":2,"17":2,"18":2,"19":1,"20":1,"21":2,"22":2,"23":2,"24":1,"25":1,"26":1,"27":1,"28":1,"29":1,"30":1,"31":1,"32":1,"33":1,"34":1,"35":1,"36":1,"37":2,"38":2,"39":1,"40":2,"41":2,"42":1,"43":2,"44":2,"45":1,"46":2,"47":2,"48":1,"49":1,"50":1,"51":1,"52":1},"b":{"1":[2,1,1,1],"2":[1,1,1,1],"3":[1,1],"4":[1,1],"5":[1,1],"6":[1,1],"7":[1,1],"8":[1,1],"9":[1,1,1],"10":[1,1],"11":[1,1],"12":[1,1],"13":[1,1],"14":[1,1],"15":[1,1],"16":[1,1]},"f":{"1":2,"2":2,"3":2,"4":2,"5":2,"6":1,"7":1,"8":2,"9":2,"10":2,"11":2,"12":1},"fnMap":{"1":{"name":"(anonymous_1)","line":12,"loc":{"start":{"line":12,"column":1},"end":{"line":12,"column":13}}},"2":{"name":"(anonymous_2)","line":19,"loc":{"start":{"line":19,"column":5},"end":{"line":19,"column":17}}},"3":{"name":"(anonymous_3)","line":23,"loc":{"start":{"line":23,"column":24},"end":{"line":23,"column":36}}},"4":{"name":"(anonymous_4)","line":61,"loc":{"start":{"line":61,"column":5},"end":{"line":61,"column":17}}},"5":{"name":"(anonymous_5)","line":82,"loc":{"start":{"line":82,"column":5},"end":{"line":82,"column":17}}},"6":{"name":"(anonymous_6)","line":102,"loc":{"start":{"line":102,"column":83},"end":{"line":105,"column":10}},"skip":true},"7":{"name":"(anonymous_7)","line":113,"loc":{"start":{"line":113,"column":77},"end":{"line":116,"column":10}},"skip":true},"8":{"name":"(anonymous_8)","line":129,"loc":{"start":{"line":129,"column":12},"end":{"line":129,"column":40}},"skip":true},"9":{"name":"(anonymous_9)","line":137,"loc":{"start":{"line":137,"column":77},"end":{"line":140,"column":10}},"skip":true},"10":{"name":"(anonymous_10)","line":148,"loc":{"start":{"line":148,"column":83},"end":{"line":151,"column":10}},"skip":true},"11":{"name":"(anonymous_11)","line":159,"loc":{"start":{"line":159,"column":79},"end":{"line":162,"column":10}},"skip":true},"12":{"name":"(anonymous_12)","line":170,"loc":{"start":{"line":170,"column":75},"end":{"line":173,"column":10}},"skip":true}},"statementMap":{"1":{"start":{"line":12,"column":0},"end":{"line":185,"column":5}},"2":{"start":{"line":14,"column":4},"end":{"line":14,"column":14}},"3":{"start":{"line":19,"column":4},"end":{"line":56,"column":9}},"4":{"start":{"line":21,"column":8},"end":{"line":21,"column":19}},"5":{"start":{"line":23,"column":8},"end":{"line":35,"column":13}},"6":{"start":{"line":24,"column":12},"end":{"line":34,"column":13}},"7":{"start":{"line":25,"column":16},"end":{"line":28,"column":30}},"8":{"start":{"line":30,"column":16},"end":{"line":33,"column":27}},"9":{"start":{"line":37,"column":8},"end":{"line":39,"column":21}},"10":{"start":{"line":40,"column":8},"end":{"line":53,"column":9}},"11":{"start":{"line":43,"column":12},"end":{"line":46,"column":14}},"12":{"start":{"line":47,"column":12},"end":{"line":47,"column":18}},"13":{"start":{"line":50,"column":12},"end":{"line":51,"column":46}},"14":{"start":{"line":52,"column":12},"end":{"line":52,"column":18}},"15":{"start":{"line":55,"column":8},"end":{"line":55,"column":35}},"16":{"start":{"line":61,"column":4},"end":{"line":63,"column":9}},"17":{"start":{"line":62,"column":8},"end":{"line":62,"column":15}},"18":{"start":{"line":64,"column":4},"end":{"line":77,"column":5}},"19":{"start":{"line":70,"column":8},"end":{"line":70,"column":14}},"20":{"start":{"line":76,"column":8},"end":{"line":76,"column":14}},"21":{"start":{"line":82,"column":4},"end":{"line":84,"column":9}},"22":{"start":{"line":83,"column":8},"end":{"line":83,"column":15}},"23":{"start":{"line":85,"column":4},"end":{"line":184,"column":5}},"24":{"start":{"line":92,"column":8},"end":{"line":94,"column":63}},"25":{"start":{"line":95,"column":8},"end":{"line":95,"column":14}},"26":{"start":{"line":102,"column":8},"end":{"line":111,"column":10},"skip":true},"27":{"start":{"line":109,"column":12},"end":{"line":109,"column":55},"skip":true},"28":{"start":{"line":110,"column":12},"end":{"line":110,"column":48},"skip":true},"29":{"start":{"line":113,"column":8},"end":{"line":126,"column":10},"skip":true},"30":{"start":{"line":120,"column":12},"end":{"line":120,"column":76},"skip":true},"31":{"start":{"line":121,"column":12},"end":{"line":121,"column":73},"skip":true},"32":{"start":{"line":122,"column":12},"end":{"line":122,"column":74},"skip":true},"33":{"start":{"line":123,"column":12},"end":{"line":123,"column":79},"skip":true},"34":{"start":{"line":124,"column":12},"end":{"line":124,"column":25},"skip":true},"35":{"start":{"line":125,"column":12},"end":{"line":125,"column":45},"skip":true},"36":{"start":{"line":128,"column":8},"end":{"line":135,"column":14},"skip":true},"37":{"start":{"line":133,"column":16},"end":{"line":133,"column":29},"skip":true},"38":{"start":{"line":134,"column":16},"end":{"line":134,"column":55},"skip":true},"39":{"start":{"line":137,"column":8},"end":{"line":146,"column":10},"skip":true},"40":{"start":{"line":144,"column":12},"end":{"line":144,"column":25},"skip":true},"41":{"start":{"line":145,"column":12},"end":{"line":145,"column":45},"skip":true},"42":{"start":{"line":148,"column":8},"end":{"line":157,"column":10},"skip":true},"43":{"start":{"line":155,"column":12},"end":{"line":155,"column":25},"skip":true},"44":{"start":{"line":156,"column":12},"end":{"line":156,"column":48},"skip":true},"45":{"start":{"line":159,"column":8},"end":{"line":168,"column":10},"skip":true},"46":{"start":{"line":166,"column":12},"end":{"line":166,"column":25},"skip":true},"47":{"start":{"line":167,"column":12},"end":{"line":167,"column":46},"skip":true},"48":{"start":{"line":170,"column":8},"end":{"line":179,"column":10},"skip":true},"49":{"start":{"line":177,"column":12},"end":{"line":177,"column":94},"skip":true},"50":{"start":{"line":178,"column":12},"end":{"line":178,"column":48},"skip":true},"51":{"start":{"line":182,"column":8},"end":{"line":182,"column":35},"skip":true},"52":{"start":{"line":183,"column":8},"end":{"line":183,"column":14},"skip":true}},"branchMap":{"1":{"line":25,"type":"binary-expr","locations":[{"start":{"line":25,"column":23},"end":{"line":25,"column":62}},{"start":{"line":26,"column":20},"end":{"line":26,"column":70}},{"start":{"line":27,"column":20},"end":{"line":27,"column":71}},{"start":{"line":28,"column":20},"end":{"line":28,"column":29}}]},"2":{"line":30,"type":"binary-expr","locations":[{"start":{"line":30,"column":23},"end":{"line":30,"column":37}},{"start":{"line":31,"column":20},"end":{"line":31,"column":61}},{"start":{"line":32,"column":20},"end":{"line":32,"column":70}},{"start":{"line":33,"column":20},"end":{"line":33,"column":26}}]},"3":{"line":37,"type":"cond-expr","locations":[{"start":{"line":38,"column":14},"end":{"line":38,"column":20}},{"start":{"line":39,"column":14},"end":{"line":39,"column":20}}]},"4":{"line":40,"type":"switch","locations":[{"start":{"line":42,"column":8},"end":{"line":47,"column":18}},{"start":{"line":49,"column":8},"end":{"line":52,"column":18}}]},"5":{"line":44,"type":"binary-expr","locations":[{"start":{"line":44,"column":16},"end":{"line":44,"column":44}},{"start":{"line":44,"column":48},"end":{"line":44,"column":66}}]},"6":{"line":50,"type":"binary-expr","locations":[{"start":{"line":50,"column":21},"end":{"line":50,"column":49}},{"start":{"line":50,"column":53},"end":{"line":50,"column":72}}]},"7":{"line":64,"type":"switch","locations":[{"start":{"line":69,"column":4},"end":{"line":70,"column":14}},{"start":{"line":75,"column":4},"end":{"line":76,"column":14}}]},"8":{"line":85,"type":"switch","locations":[{"start":{"line":90,"column":4},"end":{"line":95,"column":14}},{"start":{"line":101,"column":4},"end":{"line":183,"column":14},"skip":true}]},"9":{"line":92,"type":"binary-expr","locations":[{"start":{"line":92,"column":18},"end":{"line":92,"column":32}},{"start":{"line":93,"column":12},"end":{"line":93,"column":53}},{"start":{"line":94,"column":12},"end":{"line":94,"column":61}}]},"10":{"line":102,"type":"binary-expr","locations":[{"start":{"line":102,"column":45},"end":{"line":102,"column":79},"skip":true},{"start":{"line":102,"column":83},"end":{"line":111,"column":9},"skip":true}]},"11":{"line":113,"type":"binary-expr","locations":[{"start":{"line":113,"column":42},"end":{"line":113,"column":73},"skip":true},{"start":{"line":113,"column":77},"end":{"line":126,"column":9},"skip":true}]},"12":{"line":128,"type":"binary-expr","locations":[{"start":{"line":128,"column":48},"end":{"line":128,"column":85},"skip":true},{"start":{"line":129,"column":12},"end":{"line":135,"column":13},"skip":true}]},"13":{"line":137,"type":"binary-expr","locations":[{"start":{"line":137,"column":42},"end":{"line":137,"column":73},"skip":true},{"start":{"line":137,"column":77},"end":{"line":146,"column":9},"skip":true}]},"14":{"line":148,"type":"binary-expr","locations":[{"start":{"line":148,"column":45},"end":{"line":148,"column":79},"skip":true},{"start":{"line":148,"column":83},"end":{"line":157,"column":9},"skip":true}]},"15":{"line":159,"type":"binary-expr","locations":[{"start":{"line":159,"column":43},"end":{"line":159,"column":75},"skip":true},{"start":{"line":159,"column":79},"end":{"line":168,"column":9},"skip":true}]},"16":{"line":170,"type":"binary-expr","locations":[{"start":{"line":170,"column":41},"end":{"line":170,"column":71},"skip":true},{"start":{"line":170,"column":75},"end":{"line":179,"column":9},"skip":true}]}},"code":["/* istanbul instrument in package npmtest_react_image_gallery */","/*jslint","    bitwise: true,","    browser: true,","    maxerr: 8,","    maxlen: 96,","    node: true,","    nomen: true,","    regexp: true,","    stupid: true","*/","(function () {","    'use strict';","    var local;","","","","    // run shared js-env code - pre-init","    (function () {","        // init local","        local = {};","        // init modeJs","        local.modeJs = (function () {","            try {","                return typeof navigator.userAgent === 'string' &&","                    typeof document.querySelector('body') === 'object' &&","                    typeof XMLHttpRequest.prototype.open === 'function' &&","                    'browser';","            } catch (errorCaughtBrowser) {","                return module.exports &&","                    typeof process.versions.node === 'string' &&","                    typeof require('http').createServer === 'function' &&","                    'node';","            }","        }());","        // init global","        local.global = local.modeJs === 'browser'","            ? window","            : global;","        switch (local.modeJs) {","        // re-init local from window.local","        case 'browser':","            local = local.global.utility2.objectSetDefault(","                local.global.utility2_rollup || local.global.local,","                local.global.utility2","            );","            break;","        // re-init local from example.js","        case 'node':","            local = (local.global.utility2_rollup || require('utility2'))","                .requireExampleJsFromReadme();","            break;","        }","        // export local","        local.global.local = local;","    }());","","","","    // run shared js-env code - function","    (function () {","        return;","    }());","    switch (local.modeJs) {","","","","    // run browser js-env code - function","    case 'browser':","        break;","","","","    // run node js-env code - function","    case 'node':","        break;","    }","","","","    // run shared js-env code - post-init","    (function () {","        return;","    }());","    switch (local.modeJs) {","","","","    // run browser js-env code - post-init","    case 'browser':","        // run tests","        local.nop(local.modeTest &&","            document.querySelector('#testRunButton1') &&","            document.querySelector('#testRunButton1').click());","        break;","","","","    // run node js-env code - post-init","    /* istanbul ignore next */","    case 'node':","        local.testCase_buildApidoc_default = local.testCase_buildApidoc_default || function (","            options,","            onError","        ) {","        /*","         * this function will test buildApidoc's default handling-behavior-behavior","         */","            options = { modulePathList: module.paths };","            local.buildApidoc(options, onError);","        };","","        local.testCase_buildApp_default = local.testCase_buildApp_default || function (","            options,","            onError","        ) {","        /*","         * this function will test buildApp's default handling-behavior-behavior","         */","            local.testCase_buildReadme_default(options, local.onErrorThrow);","            local.testCase_buildLib_default(options, local.onErrorThrow);","            local.testCase_buildTest_default(options, local.onErrorThrow);","            local.testCase_buildCustomOrg_default(options, local.onErrorThrow);","            options = [];","            local.buildApp(options, onError);","        };","","        local.testCase_buildCustomOrg_default = local.testCase_buildCustomOrg_default ||","            function (options, onError) {","            /*","             * this function will test buildCustomOrg's default handling-behavior","             */","                options = {};","                local.buildCustomOrg(options, onError);","            };","","        local.testCase_buildLib_default = local.testCase_buildLib_default || function (","            options,","            onError","        ) {","        /*","         * this function will test buildLib's default handling-behavior","         */","            options = {};","            local.buildLib(options, onError);","        };","","        local.testCase_buildReadme_default = local.testCase_buildReadme_default || function (","            options,","            onError","        ) {","        /*","         * this function will test buildReadme's default handling-behavior-behavior","         */","            options = {};","            local.buildReadme(options, onError);","        };","","        local.testCase_buildTest_default = local.testCase_buildTest_default || function (","            options,","            onError","        ) {","        /*","         * this function will test buildTest's default handling-behavior","         */","            options = {};","            local.buildTest(options, onError);","        };","","        local.testCase_webpage_default = local.testCase_webpage_default || function (","            options,","            onError","        ) {","        /*","         * this function will test webpage's default handling-behavior","         */","            options = { modeCoverageMerge: true, url: local.serverLocalHost + '?modeTest=1' };","            local.browserTest(options, onError);","        };","","        // run test-server","        local.testRunServer(local);","        break;","    }","}());",""],"l":{"12":2,"14":2,"19":2,"21":2,"23":2,"24":2,"25":2,"30":1,"37":2,"40":2,"43":1,"47":1,"50":1,"52":1,"55":2,"61":2,"62":2,"64":2,"70":1,"76":1,"82":2,"83":2,"85":2,"92":1,"95":1,"102":1,"109":1,"110":1,"113":1,"120":1,"121":1,"122":1,"123":1,"124":1,"125":1,"128":1,"133":2,"134":2,"137":1,"144":2,"145":2,"148":1,"155":2,"156":2,"159":1,"166":2,"167":2,"170":1,"177":1,"178":1,"182":1,"183":1}},"/home/travis/build/npmtest/node-npmtest-react-image-gallery/lib.npmtest_react_image_gallery.js":{"path":"/home/travis/build/npmtest/node-npmtest-react-image-gallery/lib.npmtest_react_image_gallery.js","s":{"1":2,"2":2,"3":2,"4":2,"5":2,"6":2,"7":2,"8":1,"9":2,"10":2,"11":2,"12":2,"13":1,"14":1,"15":1,"16":1},"b":{"1":[2,1,1,1],"2":[1,1,1,1],"3":[1,1],"4":[2,2],"5":[1,1]},"f":{"1":2,"2":2,"3":2},"fnMap":{"1":{"name":"(anonymous_1)","line":12,"loc":{"start":{"line":12,"column":1},"end":{"line":12,"column":13}}},"2":{"name":"(anonymous_2)","line":19,"loc":{"start":{"line":19,"column":5},"end":{"line":19,"column":17}}},"3":{"name":"(anonymous_3)","line":23,"loc":{"start":{"line":23,"column":24},"end":{"line":23,"column":36}}}},"statementMap":{"1":{"start":{"line":12,"column":0},"end":{"line":53,"column":5}},"2":{"start":{"line":14,"column":4},"end":{"line":14,"column":14}},"3":{"start":{"line":19,"column":4},"end":{"line":52,"column":9}},"4":{"start":{"line":21,"column":8},"end":{"line":21,"column":19}},"5":{"start":{"line":23,"column":8},"end":{"line":35,"column":13}},"6":{"start":{"line":24,"column":12},"end":{"line":34,"column":13}},"7":{"start":{"line":25,"column":16},"end":{"line":28,"column":30}},"8":{"start":{"line":30,"column":16},"end":{"line":33,"column":27}},"9":{"start":{"line":37,"column":8},"end":{"line":39,"column":21}},"10":{"start":{"line":41,"column":8},"end":{"line":41,"column":54}},"11":{"start":{"line":43,"column":8},"end":{"line":43,"column":64}},"12":{"start":{"line":45,"column":8},"end":{"line":51,"column":9}},"13":{"start":{"line":46,"column":12},"end":{"line":46,"column":70}},"14":{"start":{"line":48,"column":12},"end":{"line":48,"column":35}},"15":{"start":{"line":49,"column":12},"end":{"line":49,"column":49}},"16":{"start":{"line":50,"column":12},"end":{"line":50,"column":43}}},"branchMap":{"1":{"line":25,"type":"binary-expr","locations":[{"start":{"line":25,"column":23},"end":{"line":25,"column":62}},{"start":{"line":26,"column":20},"end":{"line":26,"column":70}},{"start":{"line":27,"column":20},"end":{"line":27,"column":71}},{"start":{"line":28,"column":20},"end":{"line":28,"column":29}}]},"2":{"line":30,"type":"binary-expr","locations":[{"start":{"line":30,"column":23},"end":{"line":30,"column":37}},{"start":{"line":31,"column":20},"end":{"line":31,"column":61}},{"start":{"line":32,"column":20},"end":{"line":32,"column":70}},{"start":{"line":33,"column":20},"end":{"line":33,"column":26}}]},"3":{"line":37,"type":"cond-expr","locations":[{"start":{"line":38,"column":14},"end":{"line":38,"column":20}},{"start":{"line":39,"column":14},"end":{"line":39,"column":20}}]},"4":{"line":41,"type":"binary-expr","locations":[{"start":{"line":41,"column":16},"end":{"line":41,"column":44}},{"start":{"line":41,"column":48},"end":{"line":41,"column":53}}]},"5":{"line":45,"type":"if","locations":[{"start":{"line":45,"column":8},"end":{"line":45,"column":8}},{"start":{"line":45,"column":8},"end":{"line":45,"column":8}}]}},"code":["/* istanbul instrument in package npmtest_react_image_gallery */","/*jslint","    bitwise: true,","    browser: true,","    maxerr: 8,","    maxlen: 96,","    node: true,","    nomen: true,","    regexp: true,","    stupid: true","*/","(function () {","    'use strict';","    var local;","","","","    // run shared js-env code - pre-init","    (function () {","        // init local","        local = {};","        // init modeJs","        local.modeJs = (function () {","            try {","                return typeof navigator.userAgent === 'string' &&","                    typeof document.querySelector('body') === 'object' &&","                    typeof XMLHttpRequest.prototype.open === 'function' &&","                    'browser';","            } catch (errorCaughtBrowser) {","                return module.exports &&","                    typeof process.versions.node === 'string' &&","                    typeof require('http').createServer === 'function' &&","                    'node';","            }","        }());","        // init global","        local.global = local.modeJs === 'browser'","            ? window","            : global;","        // init utility2_rollup","        local = local.global.utility2_rollup || local;","        // init lib","        local.local = local.npmtest_react_image_gallery = local;","        // init exports","        if (local.modeJs === 'browser') {","            local.global.utility2_npmtest_react_image_gallery = local;","        } else {","            module.exports = local;","            module.exports.__dirname = __dirname;","            module.exports.module = module;","        }","    }());","}());",""],"l":{"12":2,"14":2,"19":2,"21":2,"23":2,"24":2,"25":2,"30":1,"37":2,"41":2,"43":2,"45":2,"46":1,"48":1,"49":1,"50":1}},"/home/travis/build/npmtest/node-npmtest-react-image-gallery/example.js":{"path":"/home/travis/build/npmtest/node-npmtest-react-image-gallery/example.js","s":{"1":2,"2":2,"3":2,"4":2,"5":2,"6":2,"7":2,"8":1,"9":2,"10":2,"11":2,"12":2,"13":1,"14":2,"15":2,"16":2,"17":2,"18":2,"19":0,"20":2,"21":1,"22":1,"23":1,"24":1,"25":1,"26":0,"27":0,"28":1,"29":1,"30":2,"31":0,"32":0,"33":0,"34":1,"35":2,"36":2,"37":2,"38":2,"39":2,"40":2,"41":0,"42":2,"43":2,"44":2,"45":1,"46":3,"47":1,"48":1,"49":1,"50":1,"51":1,"52":1,"53":1,"54":1,"55":1,"56":1,"57":0,"58":1,"59":6,"60":6,"61":1,"62":2,"63":0,"64":2,"65":1,"66":1,"67":0,"68":0,"69":0,"70":0,"71":0,"72":0,"73":0,"74":0,"75":0,"76":0,"77":0,"78":0,"79":0,"80":0,"81":0,"82":0,"83":0},"b":{"1":[2,1,1,1],"2":[1,1,1,1],"3":[1,1],"4":[2,2],"5":[1,1],"6":[1,1],"7":[2,0],"8":[2,1,1,1,1,1],"9":[0,2,0],"10":[1,1],"11":[2,1,1],"12":[1,0],"13":[0,2],"14":[2,0,0,0,0,0,0],"15":[0,2],"16":[2,0],"17":[1,1],"18":[0,1],"19":[1,2,0,2],"20":[1,0],"21":[1,1],"22":[0,0],"23":[0,0],"24":[0,0],"25":[0,0],"26":[0,0],"27":[0,0],"28":[0,0]},"f":{"1":2,"2":2,"3":2,"4":2,"5":2,"6":2,"7":2,"8":2,"9":3,"10":1,"11":6,"12":0},"fnMap":{"1":{"name":"(anonymous_1)","line":26,"loc":{"start":{"line":26,"column":1},"end":{"line":26,"column":13}}},"2":{"name":"(anonymous_2)","line":33,"loc":{"start":{"line":33,"column":5},"end":{"line":33,"column":17}}},"3":{"name":"(anonymous_3)","line":37,"loc":{"start":{"line":37,"column":24},"end":{"line":37,"column":36}}},"4":{"name":"(anonymous_4)","line":69,"loc":{"start":{"line":69,"column":31},"end":{"line":69,"column":48}},"skip":true},"5":{"name":"(anonymous_5)","line":78,"loc":{"start":{"line":78,"column":26},"end":{"line":78,"column":45}},"skip":true},"6":{"name":"(anonymous_6)","line":123,"loc":{"start":{"line":123,"column":33},"end":{"line":123,"column":48}},"skip":true},"7":{"name":"(anonymous_7)","line":125,"loc":{"start":{"line":125,"column":27},"end":{"line":125,"column":39}},"skip":true},"8":{"name":"(anonymous_8)","line":133,"loc":{"start":{"line":133,"column":59},"end":{"line":133,"column":74}},"skip":true},"9":{"name":"(anonymous_9)","line":143,"loc":{"start":{"line":143,"column":45},"end":{"line":143,"column":62}},"skip":true},"10":{"name":"(anonymous_10)","line":144,"loc":{"start":{"line":144,"column":73},"end":{"line":144,"column":92}},"skip":true},"11":{"name":"(anonymous_11)","line":272,"loc":{"start":{"line":272,"column":51},"end":{"line":272,"column":77}},"skip":true},"12":{"name":"(anonymous_12)","line":314,"loc":{"start":{"line":314,"column":32},"end":{"line":314,"column":61}},"skip":true}},"statementMap":{"1":{"start":{"line":26,"column":0},"end":{"line":325,"column":5}},"2":{"start":{"line":28,"column":4},"end":{"line":28,"column":14}},"3":{"start":{"line":33,"column":4},"end":{"line":60,"column":9}},"4":{"start":{"line":35,"column":8},"end":{"line":35,"column":19}},"5":{"start":{"line":37,"column":8},"end":{"line":49,"column":13}},"6":{"start":{"line":38,"column":12},"end":{"line":48,"column":13}},"7":{"start":{"line":39,"column":16},"end":{"line":42,"column":30}},"8":{"start":{"line":44,"column":16},"end":{"line":47,"column":27}},"9":{"start":{"line":51,"column":8},"end":{"line":53,"column":21}},"10":{"start":{"line":55,"column":8},"end":{"line":57,"column":45}},"11":{"start":{"line":59,"column":8},"end":{"line":59,"column":35}},"12":{"start":{"line":61,"column":4},"end":{"line":324,"column":5}},"13":{"start":{"line":69,"column":8},"end":{"line":121,"column":10},"skip":true},"14":{"start":{"line":70,"column":12},"end":{"line":88,"column":13},"skip":true},"15":{"start":{"line":76,"column":16},"end":{"line":87,"column":19},"skip":true},"16":{"start":{"line":79,"column":20},"end":{"line":86,"column":21},"skip":true},"17":{"start":{"line":82,"column":24},"end":{"line":82,"column":43},"skip":true},"18":{"start":{"line":83,"column":24},"end":{"line":83,"column":30},"skip":true},"19":{"start":{"line":85,"column":24},"end":{"line":85,"column":49},"skip":true},"20":{"start":{"line":89,"column":12},"end":{"line":107,"column":13},"skip":true},"21":{"start":{"line":92,"column":16},"end":{"line":102,"column":17},"skip":true},"22":{"start":{"line":93,"column":20},"end":{"line":93,"column":86},"skip":true},"23":{"start":{"line":94,"column":20},"end":{"line":95,"column":45},"skip":true},"24":{"start":{"line":96,"column":20},"end":{"line":96,"column":42},"skip":true},"25":{"start":{"line":97,"column":20},"end":{"line":97,"column":48},"skip":true},"26":{"start":{"line":100,"column":20},"end":{"line":100,"column":85},"skip":true},"27":{"start":{"line":101,"column":20},"end":{"line":101,"column":96},"skip":true},"28":{"start":{"line":103,"column":16},"end":{"line":103,"column":22},"skip":true},"29":{"start":{"line":106,"column":16},"end":{"line":106,"column":22},"skip":true},"30":{"start":{"line":108,"column":12},"end":{"line":120,"column":13},"skip":true},"31":{"start":{"line":114,"column":16},"end":{"line":119,"column":17},"skip":true},"32":{"start":{"line":116,"column":20},"end":{"line":116,"column":78},"skip":true},"33":{"start":{"line":118,"column":20},"end":{"line":118,"column":47},"skip":true},"34":{"start":{"line":123,"column":8},"end":{"line":141,"column":11},"skip":true},"35":{"start":{"line":124,"column":12},"end":{"line":124,"column":54},"skip":true},"36":{"start":{"line":125,"column":12},"end":{"line":140,"column":14},"skip":true},"37":{"start":{"line":126,"column":16},"end":{"line":126,"column":28},"skip":true},"38":{"start":{"line":127,"column":16},"end":{"line":127,"column":69},"skip":true},"39":{"start":{"line":128,"column":16},"end":{"line":128,"column":75},"skip":true},"40":{"start":{"line":129,"column":16},"end":{"line":131,"column":17},"skip":true},"41":{"start":{"line":130,"column":20},"end":{"line":130,"column":27},"skip":true},"42":{"start":{"line":133,"column":16},"end":{"line":137,"column":36},"skip":true},"43":{"start":{"line":134,"column":20},"end":{"line":136,"column":55},"skip":true},"44":{"start":{"line":139,"column":16},"end":{"line":139,"column":57},"skip":true},"45":{"start":{"line":143,"column":8},"end":{"line":147,"column":11},"skip":true},"46":{"start":{"line":144,"column":12},"end":{"line":146,"column":15},"skip":true},"47":{"start":{"line":145,"column":16},"end":{"line":145,"column":70},"skip":true},"48":{"start":{"line":149,"column":8},"end":{"line":149,"column":31},"skip":true},"49":{"start":{"line":150,"column":8},"end":{"line":150,"column":14},"skip":true},"50":{"start":{"line":158,"column":8},"end":{"line":158,"column":31},"skip":true},"51":{"start":{"line":160,"column":8},"end":{"line":160,"column":33},"skip":true},"52":{"start":{"line":161,"column":8},"end":{"line":161,"column":37},"skip":true},"53":{"start":{"line":162,"column":8},"end":{"line":162,"column":35},"skip":true},"54":{"start":{"line":164,"column":8},"end":{"line":164,"column":50},"skip":true},"55":{"start":{"line":166,"column":8},"end":{"line":256,"column":2},"skip":true},"56":{"start":{"line":258,"column":8},"end":{"line":286,"column":9},"skip":true},"57":{"start":{"line":259,"column":12},"end":{"line":269,"column":14},"skip":true},"58":{"start":{"line":271,"column":12},"end":{"line":285,"column":19},"skip":true},"59":{"start":{"line":274,"column":20},"end":{"line":274,"column":35},"skip":true},"60":{"start":{"line":275,"column":20},"end":{"line":284,"column":21},"skip":true},"61":{"start":{"line":277,"column":24},"end":{"line":277,"column":64},"skip":true},"62":{"start":{"line":279,"column":24},"end":{"line":279,"column":40},"skip":true},"63":{"start":{"line":281,"column":24},"end":{"line":281,"column":40},"skip":true},"64":{"start":{"line":283,"column":24},"end":{"line":283,"column":39},"skip":true},"65":{"start":{"line":288,"column":8},"end":{"line":290,"column":9},"skip":true},"66":{"start":{"line":289,"column":12},"end":{"line":289,"column":18},"skip":true},"67":{"start":{"line":291,"column":8},"end":{"line":293,"column":54},"skip":true},"68":{"start":{"line":294,"column":8},"end":{"line":301,"column":37},"skip":true},"69":{"start":{"line":302,"column":8},"end":{"line":302,"column":82},"skip":true},"70":{"start":{"line":305,"column":8},"end":{"line":307,"column":9},"skip":true},"71":{"start":{"line":306,"column":12},"end":{"line":306,"column":82},"skip":true},"72":{"start":{"line":309,"column":8},"end":{"line":311,"column":9},"skip":true},"73":{"start":{"line":310,"column":12},"end":{"line":310,"column":18},"skip":true},"74":{"start":{"line":312,"column":8},"end":{"line":312,"column":54},"skip":true},"75":{"start":{"line":313,"column":8},"end":{"line":313,"column":69},"skip":true},"76":{"start":{"line":314,"column":8},"end":{"line":322,"column":36},"skip":true},"77":{"start":{"line":315,"column":12},"end":{"line":315,"column":61},"skip":true},"78":{"start":{"line":316,"column":12},"end":{"line":319,"column":13},"skip":true},"79":{"start":{"line":317,"column":16},"end":{"line":317,"column":75},"skip":true},"80":{"start":{"line":318,"column":16},"end":{"line":318,"column":23},"skip":true},"81":{"start":{"line":320,"column":12},"end":{"line":320,"column":38},"skip":true},"82":{"start":{"line":321,"column":12},"end":{"line":321,"column":27},"skip":true},"83":{"start":{"line":323,"column":8},"end":{"line":323,"column":14},"skip":true}},"branchMap":{"1":{"line":39,"type":"binary-expr","locations":[{"start":{"line":39,"column":23},"end":{"line":39,"column":62}},{"start":{"line":40,"column":20},"end":{"line":40,"column":70}},{"start":{"line":41,"column":20},"end":{"line":41,"column":71}},{"start":{"line":42,"column":20},"end":{"line":42,"column":29}}]},"2":{"line":44,"type":"binary-expr","locations":[{"start":{"line":44,"column":23},"end":{"line":44,"column":37}},{"start":{"line":45,"column":20},"end":{"line":45,"column":61}},{"start":{"line":46,"column":20},"end":{"line":46,"column":70}},{"start":{"line":47,"column":20},"end":{"line":47,"column":26}}]},"3":{"line":51,"type":"cond-expr","locations":[{"start":{"line":52,"column":14},"end":{"line":52,"column":20}},{"start":{"line":53,"column":14},"end":{"line":53,"column":20}}]},"4":{"line":55,"type":"binary-expr","locations":[{"start":{"line":55,"column":16},"end":{"line":55,"column":44}},{"start":{"line":55,"column":49},"end":{"line":57,"column":43}}]},"5":{"line":55,"type":"cond-expr","locations":[{"start":{"line":56,"column":14},"end":{"line":56,"column":63}},{"start":{"line":57,"column":14},"end":{"line":57,"column":43}}]},"6":{"line":61,"type":"switch","locations":[{"start":{"line":68,"column":4},"end":{"line":150,"column":14},"skip":true},{"start":{"line":156,"column":4},"end":{"line":323,"column":14},"skip":true}]},"7":{"line":70,"type":"if","locations":[{"start":{"line":70,"column":12},"end":{"line":70,"column":12},"skip":true},{"start":{"line":70,"column":12},"end":{"line":70,"column":12},"skip":true}]},"8":{"line":70,"type":"binary-expr","locations":[{"start":{"line":70,"column":16},"end":{"line":70,"column":22},"skip":true},{"start":{"line":70,"column":27},"end":{"line":70,"column":32},"skip":true},{"start":{"line":71,"column":20},"end":{"line":71,"column":39},"skip":true},{"start":{"line":72,"column":20},"end":{"line":72,"column":49},"skip":true},{"start":{"line":73,"column":20},"end":{"line":73,"column":58},"skip":true},{"start":{"line":74,"column":20},"end":{"line":74,"column":69},"skip":true}]},"9":{"line":79,"type":"switch","locations":[{"start":{"line":80,"column":20},"end":{"line":80,"column":33},"skip":true},{"start":{"line":81,"column":20},"end":{"line":83,"column":30},"skip":true},{"start":{"line":84,"column":20},"end":{"line":85,"column":49},"skip":true}]},"10":{"line":89,"type":"switch","locations":[{"start":{"line":90,"column":12},"end":{"line":103,"column":22},"skip":true},{"start":{"line":105,"column":12},"end":{"line":106,"column":22},"skip":true}]},"11":{"line":89,"type":"binary-expr","locations":[{"start":{"line":89,"column":20},"end":{"line":89,"column":25},"skip":true},{"start":{"line":89,"column":29},"end":{"line":89,"column":48},"skip":true},{"start":{"line":89,"column":52},"end":{"line":89,"column":74},"skip":true}]},"12":{"line":92,"type":"if","locations":[{"start":{"line":92,"column":16},"end":{"line":92,"column":16},"skip":true},{"start":{"line":92,"column":16},"end":{"line":92,"column":16},"skip":true}]},"13":{"line":108,"type":"if","locations":[{"start":{"line":108,"column":12},"end":{"line":108,"column":12},"skip":true},{"start":{"line":108,"column":12},"end":{"line":108,"column":12},"skip":true}]},"14":{"line":108,"type":"binary-expr","locations":[{"start":{"line":108,"column":16},"end":{"line":108,"column":61},"skip":true},{"start":{"line":108,"column":66},"end":{"line":108,"column":72},"skip":true},{"start":{"line":108,"column":77},"end":{"line":108,"column":82},"skip":true},{"start":{"line":109,"column":20},"end":{"line":109,"column":39},"skip":true},{"start":{"line":110,"column":20},"end":{"line":110,"column":49},"skip":true},{"start":{"line":111,"column":20},"end":{"line":111,"column":58},"skip":true},{"start":{"line":112,"column":20},"end":{"line":112,"column":68},"skip":true}]},"15":{"line":129,"type":"if","locations":[{"start":{"line":129,"column":16},"end":{"line":129,"column":16},"skip":true},{"start":{"line":129,"column":16},"end":{"line":129,"column":16},"skip":true}]},"16":{"line":134,"type":"cond-expr","locations":[{"start":{"line":135,"column":26},"end":{"line":135,"column":29},"skip":true},{"start":{"line":136,"column":26},"end":{"line":136,"column":54},"skip":true}]},"17":{"line":164,"type":"binary-expr","locations":[{"start":{"line":164,"column":27},"end":{"line":164,"column":43},"skip":true},{"start":{"line":164,"column":47},"end":{"line":164,"column":49},"skip":true}]},"18":{"line":258,"type":"if","locations":[{"start":{"line":258,"column":8},"end":{"line":258,"column":8},"skip":true},{"start":{"line":258,"column":8},"end":{"line":258,"column":8},"skip":true}]},"19":{"line":275,"type":"switch","locations":[{"start":{"line":276,"column":20},"end":{"line":277,"column":64},"skip":true},{"start":{"line":278,"column":20},"end":{"line":279,"column":40},"skip":true},{"start":{"line":280,"column":20},"end":{"line":281,"column":40},"skip":true},{"start":{"line":282,"column":20},"end":{"line":283,"column":39},"skip":true}]},"20":{"line":288,"type":"if","locations":[{"start":{"line":288,"column":8},"end":{"line":288,"column":8},"skip":true},{"start":{"line":288,"column":8},"end":{"line":288,"column":8},"skip":true}]},"21":{"line":288,"type":"binary-expr","locations":[{"start":{"line":288,"column":12},"end":{"line":288,"column":40},"skip":true},{"start":{"line":288,"column":44},"end":{"line":288,"column":67},"skip":true}]},"22":{"line":292,"type":"binary-expr","locations":[{"start":{"line":292,"column":12},"end":{"line":292,"column":50},"skip":true},{"start":{"line":293,"column":12},"end":{"line":293,"column":53},"skip":true}]},"23":{"line":295,"type":"binary-expr","locations":[{"start":{"line":295,"column":12},"end":{"line":295,"column":77},"skip":true},{"start":{"line":296,"column":12},"end":{"line":301,"column":36},"skip":true}]},"24":{"line":302,"type":"binary-expr","locations":[{"start":{"line":302,"column":43},"end":{"line":302,"column":75},"skip":true},{"start":{"line":302,"column":79},"end":{"line":302,"column":81},"skip":true}]},"25":{"line":305,"type":"if","locations":[{"start":{"line":305,"column":8},"end":{"line":305,"column":8},"skip":true},{"start":{"line":305,"column":8},"end":{"line":305,"column":8},"skip":true}]},"26":{"line":309,"type":"if","locations":[{"start":{"line":309,"column":8},"end":{"line":309,"column":8},"skip":true},{"start":{"line":309,"column":8},"end":{"line":309,"column":8},"skip":true}]},"27":{"line":312,"type":"binary-expr","locations":[{"start":{"line":312,"column":27},"end":{"line":312,"column":43},"skip":true},{"start":{"line":312,"column":47},"end":{"line":312,"column":53},"skip":true}]},"28":{"line":316,"type":"if","locations":[{"start":{"line":316,"column":12},"end":{"line":316,"column":12},"skip":true},{"start":{"line":316,"column":12},"end":{"line":316,"column":12},"skip":true}]}},"code":["/*","example.js","","quickstart example","","instruction","    1. save this script as example.js","    2. run the shell command:","        $ npm install npmtest-react-image-gallery && PORT=8081 node example.js","    3. play with the browser-demo on http://127.0.0.1:8081","*/","","","","/* istanbul instrument in package npmtest_react_image_gallery */","/*jslint","    bitwise: true,","    browser: true,","    maxerr: 8,","    maxlen: 96,","    node: true,","    nomen: true,","    regexp: true,","    stupid: true","*/","(function () {","    'use strict';","    var local;","","","","    // run shared js-env code - pre-init","    (function () {","        // init local","        local = {};","        // init modeJs","        local.modeJs = (function () {","            try {","                return typeof navigator.userAgent === 'string' &&","                    typeof document.querySelector('body') === 'object' &&","                    typeof XMLHttpRequest.prototype.open === 'function' &&","                    'browser';","            } catch (errorCaughtBrowser) {","                return module.exports &&","                    typeof process.versions.node === 'string' &&","                    typeof require('http').createServer === 'function' &&","                    'node';","            }","        }());","        // init global","        local.global = local.modeJs === 'browser'","            ? window","            : global;","        // init utility2_rollup","        local = local.global.utility2_rollup || (local.modeJs === 'browser'","            ? local.global.utility2_npmtest_react_image_gallery","            : global.utility2_moduleExports);","        // export local","        local.global.local = local;","    }());","    switch (local.modeJs) {","","","","    // post-init","    // run browser js-env code - post-init","    /* istanbul ignore next */","    case 'browser':","        local.testRunBrowser = function (event) {","            if (!event || (event &&","                    event.currentTarget &&","                    event.currentTarget.className &&","                    event.currentTarget.className.includes &&","                    event.currentTarget.className.includes('onreset'))) {","                // reset output","                Array.from(","                    document.querySelectorAll('body > .resettable')","                ).forEach(function (element) {","                    switch (element.tagName) {","                    case 'INPUT':","                    case 'TEXTAREA':","                        element.value = '';","                        break;","                    default:","                        element.textContent = '';","                    }","                });","            }","            switch (event && event.currentTarget && event.currentTarget.id) {","            case 'testRunButton1':","                // show tests","                if (document.querySelector('#testReportDiv1').style.display === 'none') {","                    document.querySelector('#testReportDiv1').style.display = 'block';","                    document.querySelector('#testRunButton1').textContent =","                        'hide internal test';","                    local.modeTest = true;","                    local.testRunDefault(local);","                // hide tests","                } else {","                    document.querySelector('#testReportDiv1').style.display = 'none';","                    document.querySelector('#testRunButton1').textContent = 'run internal test';","                }","                break;","            // custom-case","            default:","                break;","            }","            if (document.querySelector('#inputTextareaEval1') && (!event || (event &&","                    event.currentTarget &&","                    event.currentTarget.className &&","                    event.currentTarget.className.includes &&","                    event.currentTarget.className.includes('oneval')))) {","                // try to eval input-code","                try {","                    /*jslint evil: true*/","                    eval(document.querySelector('#inputTextareaEval1').value);","                } catch (errorCaught) {","                    console.error(errorCaught);","                }","            }","        };","        // log stderr and stdout to #outputTextareaStdout1","        ['error', 'log'].forEach(function (key) {","            console[key + '_original'] = console[key];","            console[key] = function () {","                var element;","                console[key + '_original'].apply(console, arguments);","                element = document.querySelector('#outputTextareaStdout1');","                if (!element) {","                    return;","                }","                // append text to #outputTextareaStdout1","                element.value += Array.from(arguments).map(function (arg) {","                    return typeof arg === 'string'","                        ? arg","                        : JSON.stringify(arg, null, 4);","                }).join(' ') + '\\n';","                // scroll textarea to bottom","                element.scrollTop = element.scrollHeight;","            };","        });","        // init event-handling","        ['change', 'click', 'keyup'].forEach(function (event) {","            Array.from(document.querySelectorAll('.on' + event)).forEach(function (element) {","                element.addEventListener(event, local.testRunBrowser);","            });","        });","        // run tests","        local.testRunBrowser();","        break;","","","","    // run node js-env code - post-init","    /* istanbul ignore next */","    case 'node':","        // export local","        module.exports = local;","        // require modules","        local.fs = require('fs');","        local.http = require('http');","        local.url = require('url');","        // init assets","        local.assetsDict = local.assetsDict || {};","        /* jslint-ignore-begin */","        local.assetsDict['/assets.index.template.html'] = '\\","<!doctype html>\\n\\","<html lang=\"en\">\\n\\","<head>\\n\\","<meta charset=\"UTF-8\">\\n\\","<meta name=\"viewport\" content=\"width=device-width, initial-scale=1\">\\n\\","<title>{{env.npm_package_name}} (v{{env.npm_package_version}})</title>\\n\\","<style>\\n\\","/*csslint\\n\\","    box-sizing: false,\\n\\","    universal-selector: false\\n\\","*/\\n\\","* {\\n\\","    box-sizing: border-box;\\n\\","}\\n\\","body {\\n\\","    background: #dde;\\n\\","    font-family: Arial, Helvetica, sans-serif;\\n\\","    margin: 2rem;\\n\\","}\\n\\","body > * {\\n\\","    margin-bottom: 1rem;\\n\\","}\\n\\",".utility2FooterDiv {\\n\\","    margin-top: 20px;\\n\\","    text-align: center;\\n\\","}\\n\\","</style>\\n\\","<style>\\n\\","/*csslint\\n\\","*/\\n\\","textarea {\\n\\","    font-family: monospace;\\n\\","    height: 10rem;\\n\\","    width: 100%;\\n\\","}\\n\\","textarea[readonly] {\\n\\","    background: #ddd;\\n\\","}\\n\\","</style>\\n\\","</head>\\n\\","<body>\\n\\","<!-- utility2-comment\\n\\","<div id=\"ajaxProgressDiv1\" style=\"background: #d00; height: 2px; left: 0; margin: 0; padding: 0; position: fixed; top: 0; transition: background 0.5s, width 1.5s; width: 25%;\"></div>\\n\\","utility2-comment -->\\n\\","<h1>\\n\\","<!-- utility2-comment\\n\\","    <a\\n\\","        {{#if env.npm_package_homepage}}\\n\\","        href=\"{{env.npm_package_homepage}}\"\\n\\","        {{/if env.npm_package_homepage}}\\n\\","        target=\"_blank\"\\n\\","    >\\n\\","utility2-comment -->\\n\\","        {{env.npm_package_name}} (v{{env.npm_package_version}})\\n\\","<!-- utility2-comment\\n\\","    </a>\\n\\","utility2-comment -->\\n\\","</h1>\\n\\","<h3>{{env.npm_package_description}}</h3>\\n\\","<!-- utility2-comment\\n\\","<h4><a download href=\"assets.app.js\">download standalone app</a></h4>\\n\\","<button class=\"onclick onreset\" id=\"testRunButton1\">run internal test</button><br>\\n\\","<div id=\"testReportDiv1\" style=\"display: none;\"></div>\\n\\","utility2-comment -->\\n\\","\\n\\","\\n\\","\\n\\","<label>stderr and stdout</label>\\n\\","<textarea class=\"resettable\" id=\"outputTextareaStdout1\" readonly></textarea>\\n\\","<!-- utility2-comment\\n\\","{{#if isRollup}}\\n\\","<script src=\"assets.app.js\"></script>\\n\\","{{#unless isRollup}}\\n\\","utility2-comment -->\\n\\","<script src=\"assets.utility2.rollup.js\"></script>\\n\\","<script src=\"jsonp.utility2._stateInit?callback=window.utility2._stateInit\"></script>\\n\\","<script src=\"assets.npmtest_react_image_gallery.rollup.js\"></script>\\n\\","<script src=\"assets.example.js\"></script>\\n\\","<script src=\"assets.test.js\"></script>\\n\\","<!-- utility2-comment\\n\\","{{/if isRollup}}\\n\\","utility2-comment -->\\n\\","<div class=\"utility2FooterDiv\">\\n\\","    [ this app was created with\\n\\","    <a href=\"https://github.com/kaizhu256/node-utility2\" target=\"_blank\">utility2</a>\\n\\","    ]\\n\\","</div>\\n\\","</body>\\n\\","</html>\\n\\","';","        /* jslint-ignore-end */","        if (local.templateRender) {","            local.assetsDict['/'] = local.templateRender(","                local.assetsDict['/assets.index.template.html'],","                {","                    env: local.objectSetDefault(local.env, {","                        npm_package_description: 'the greatest app in the world!',","                        npm_package_name: 'my-app',","                        npm_package_nameAlias: 'my_app',","                        npm_package_version: '0.0.1'","                    })","                }","            );","        } else {","            local.assetsDict['/'] = local.assetsDict['/assets.index.template.html']","                .replace((/\\{\\{env\\.(\\w+?)\\}\\}/g), function (match0, match1) {","                    // jslint-hack","                    String(match0);","                    switch (match1) {","                    case 'npm_package_description':","                        return 'the greatest app in the world!';","                    case 'npm_package_name':","                        return 'my-app';","                    case 'npm_package_nameAlias':","                        return 'my_app';","                    case 'npm_package_version':","                        return '0.0.1';","                    }","                });","        }","        // run the cli","        if (local.global.utility2_rollup || module !== require.main) {","            break;","        }","        local.assetsDict['/assets.example.js'] =","            local.assetsDict['/assets.example.js'] ||","            local.fs.readFileSync(__filename, 'utf8');","        local.assetsDict['/assets.npmtest_react_image_gallery.rollup.js'] =","            local.assetsDict['/assets.npmtest_react_image_gallery.rollup.js'] ||","            local.fs.readFileSync(","                // buildCustomOrg-hack","                local.npmtest_react_image_gallery.__dirname +","                    '/lib.npmtest_react_image_gallery.js',","                'utf8'","            ).replace((/^#!/), '//');","        local.assetsDict['/favicon.ico'] = local.assetsDict['/favicon.ico'] || '';","        // if $npm_config_timeout_exit exists,","        // then exit this process after $npm_config_timeout_exit ms","        if (Number(process.env.npm_config_timeout_exit)) {","            setTimeout(process.exit, Number(process.env.npm_config_timeout_exit));","        }","        // start server","        if (local.global.utility2_serverHttp1) {","            break;","        }","        process.env.PORT = process.env.PORT || '8081';","        console.error('server starting on port ' + process.env.PORT);","        local.http.createServer(function (request, response) {","            request.urlParsed = local.url.parse(request.url);","            if (local.assetsDict[request.urlParsed.pathname] !== undefined) {","                response.end(local.assetsDict[request.urlParsed.pathname]);","                return;","            }","            response.statusCode = 404;","            response.end();","        }).listen(process.env.PORT);","        break;","    }","}());",""],"l":{"26":2,"28":2,"33":2,"35":2,"37":2,"38":2,"39":2,"44":1,"51":2,"55":2,"59":2,"61":2,"69":1,"70":2,"76":2,"79":2,"82":2,"83":2,"85":1,"89":2,"92":1,"93":1,"94":1,"96":1,"97":1,"100":1,"101":1,"103":1,"106":1,"108":2,"114":1,"116":1,"118":1,"123":1,"124":2,"125":2,"126":2,"127":2,"128":2,"129":2,"130":1,"133":2,"134":2,"139":2,"143":1,"144":3,"145":1,"149":1,"150":1,"158":1,"160":1,"161":1,"162":1,"164":1,"166":1,"258":1,"259":1,"271":1,"274":6,"275":6,"277":1,"279":2,"281":1,"283":2,"288":1,"289":1,"291":1,"294":1,"302":1,"305":1,"306":1,"309":1,"310":1,"312":1,"313":1,"314":1,"315":1,"316":1,"317":1,"318":1,"320":1,"321":1,"323":1}},"/home/travis/build/npmtest/node-npmtest-react-image-gallery/node_modules/react-image-gallery/build/image-gallery.js":{"path":"/home/travis/build/npmtest/node-npmtest-react-image-gallery/node_modules/react-image-gallery/build/image-gallery.js","s":{"1":1,"2":1,"3":0,"4":0,"5":0,"6":0,"7":0,"8":0,"9":1,"10":1,"11":1,"12":42,"13":42,"14":42,"15":42,"16":42,"17":42,"18":1,"19":1,"20":1,"21":1,"22":0,"23":1,"24":1,"25":1,"26":1,"27":1,"28":1,"29":1,"30":1,"31":1,"32":1,"33":4,"34":1,"35":0,"36":0,"37":1,"38":0,"39":0,"40":0,"41":1,"42":1,"43":0,"44":1,"45":1,"46":1,"47":1,"48":1,"49":1,"50":1,"51":0,"52":0,"53":0,"54":0,"55":0,"56":0,"57":1,"58":0,"59":0,"60":0,"61":0,"62":0,"63":0,"64":0,"65":0,"66":0,"67":0,"68":0,"69":0,"70":0,"71":0,"72":0,"73":0,"74":0,"75":0,"76":0,"77":0,"78":0,"79":0,"80":0,"81":0,"82":0,"83":0,"84":0,"85":0,"86":0,"87":0,"88":0,"89":0,"90":0,"91":0,"92":0,"93":0,"94":0,"95":0,"96":0,"97":0,"98":0,"99":0,"100":0,"101":0,"102":0,"103":0,"104":0,"105":0,"106":0,"107":0,"108":0,"109":0,"110":0,"111":0,"112":0,"113":0,"114":0,"115":0,"116":0,"117":0,"118":0,"119":0,"120":0,"121":0,"122":0,"123":0,"124":0,"125":0,"126":0,"127":0,"128":0,"129":0,"130":0,"131":0,"132":0,"133":0,"134":0,"135":0,"136":0,"137":0,"138":0,"139":0,"140":0,"141":0,"142":0,"143":0,"144":0,"145":0,"146":0,"147":0,"148":0,"149":0,"150":0,"151":0,"152":0,"153":0,"154":0,"155":0,"156":0,"157":0,"158":0,"159":0,"160":0,"161":0,"162":0,"163":0,"164":0,"165":0,"166":0,"167":0,"168":0,"169":0,"170":0,"171":0,"172":0,"173":0,"174":0,"175":0,"176":0,"177":0,"178":0,"179":0,"180":0,"181":0,"182":0,"183":0,"184":0,"185":0,"186":0,"187":0,"188":0,"189":0,"190":0,"191":0,"192":0,"193":0,"194":0,"195":0,"196":0,"197":0,"198":0,"199":0,"200":0,"201":0,"202":0,"203":0,"204":0,"205":0,"206":0,"207":0,"208":0,"209":0,"210":0,"211":0,"212":0,"213":0,"214":0,"215":0,"216":0,"217":0,"218":0,"219":0,"220":0,"221":0,"222":0,"223":0,"224":0,"225":0,"226":0,"227":0,"228":0,"229":0,"230":0,"231":0,"232":0,"233":0,"234":0,"235":0,"236":0,"237":0,"238":0,"239":0,"240":0,"241":0,"242":0,"243":0,"244":0,"245":0,"246":0,"247":0,"248":0,"249":0,"250":0,"251":0,"252":0,"253":0,"254":0,"255":0,"256":0,"257":0,"258":0,"259":0,"260":0,"261":0,"262":0,"263":0,"264":0,"265":0,"266":0,"267":0,"268":0,"269":0,"270":0,"271":0,"272":0,"273":0,"274":0,"275":0,"276":0,"277":0,"278":0,"279":0,"280":0,"281":0,"282":0,"283":0,"284":0,"285":0,"286":0,"287":0,"288":0,"289":0,"290":0,"291":0,"292":0,"293":0,"294":0,"295":0,"296":0,"297":0,"298":0,"299":0,"300":0,"301":0,"302":0,"303":0,"304":0,"305":0,"306":0,"307":0,"308":0,"309":0,"310":0,"311":0,"312":0,"313":0,"314":0,"315":0,"316":0,"317":0,"318":0,"319":0,"320":0,"321":0,"322":0,"323":0,"324":0,"325":0,"326":0,"327":0,"328":0,"329":0,"330":0,"331":0,"332":0,"333":0,"334":0,"335":0,"336":0,"337":0,"338":0,"339":0,"340":0,"341":0,"342":0,"343":0,"344":0,"345":0,"346":0,"347":0,"348":0,"349":0,"350":0,"351":0,"352":0,"353":0,"354":0,"355":0,"356":0,"357":0,"358":0,"359":0,"360":0,"361":0,"362":0,"363":0,"364":0,"365":0,"366":0,"367":0,"368":0,"369":0,"370":0,"371":0,"372":0,"373":0,"374":0,"375":0,"376":0,"377":0,"378":0,"379":0,"380":0,"381":0,"382":1,"383":1,"384":1,"385":0,"386":0,"387":0,"388":0,"389":1},"b":{"1":[1,0],"2":[0,0],"3":[42,42],"4":[42,0],"5":[1,0],"6":[0,1],"7":[0,4],"8":[4,4],"9":[0,0],"10":[0,0],"11":[0,0],"12":[0,0,0],"13":[0,1],"14":[1,0],"15":[1,1],"16":[1,0],"17":[1,0],"18":[0,0],"19":[0,0],"20":[0,0],"21":[0,0],"22":[0,0,0],"23":[0,0],"24":[0,0,0,0],"25":[0,0],"26":[0,0],"27":[0,0],"28":[0,0],"29":[0,0],"30":[0,0],"31":[0,0],"32":[0,0],"33":[0,0],"34":[0,0],"35":[0,0],"36":[0,0],"37":[0,0],"38":[0,0],"39":[0,0],"40":[0,0],"41":[0,0],"42":[0,0],"43":[0,0],"44":[0,0],"45":[0,0],"46":[0,0],"47":[0,0],"48":[0,0],"49":[0,0],"50":[0,0],"51":[0,0],"52":[0,0],"53":[0,0],"54":[0,0],"55":[0,0],"56":[0,0],"57":[0,0],"58":[0,0],"59":[0,0],"60":[0,0],"61":[0,0],"62":[0,0],"63":[0,0,0,0],"64":[0,0],"65":[0,0],"66":[0,0],"67":[0,0],"68":[0,0],"69":[0,0],"70":[0,0],"71":[0,0],"72":[0,0],"73":[0,0,0],"74":[0,0],"75":[0,0],"76":[0,0],"77":[0,0],"78":[0,0],"79":[0,0],"80":[0,0],"81":[0,0],"82":[0,0],"83":[0,0],"84":[0,0],"85":[0,0],"86":[0,0],"87":[0,0],"88":[0,0],"89":[0,0],"90":[0,0],"91":[0,0],"92":[0,0],"93":[0,0],"94":[0,0],"95":[0,0],"96":[0,0],"97":[0,0],"98":[0,0],"99":[0,0],"100":[0,0],"101":[0,0],"102":[0,0],"103":[0,0,0],"104":[0,0],"105":[0,0],"106":[0,0],"107":[0,0],"108":[0,0],"109":[0,0],"110":[0,0],"111":[0,0],"112":[0,0],"113":[0,0,0],"114":[0,0],"115":[0,0,0],"116":[0,0],"117":[0,0],"118":[0,0,0,0],"119":[0,0],"120":[0,0,0,0],"121":[0,0],"122":[0,0,0,0],"123":[0,0],"124":[0,0,0,0],"125":[0,0],"126":[0,0],"127":[0,0],"128":[0,0],"129":[0,0],"130":[0,0],"131":[0,0],"132":[0,0],"133":[0,0],"134":[0,0],"135":[0,0],"136":[0,0],"137":[0,0],"138":[0,0],"139":[0,0],"140":[0,0],"141":[0,0],"142":[0,0],"143":[0,0,0],"144":[0,0,0],"145":[0,0],"146":[0,0],"147":[0,0],"148":[0,0],"149":[0,0],"150":[0,0],"151":[0,0],"152":[0,0],"153":[0,0],"154":[0,0],"155":[0,0],"156":[0,0],"157":[0,0],"158":[0,0],"159":[0,0],"160":[0,0],"161":[0,0],"162":[0,0],"163":[0,0],"164":[0,0],"165":[0,0,0],"166":[0,0],"167":[0,0,0],"168":[0,0],"169":[0,0]},"f":{"1":0,"2":1,"3":1,"4":1,"5":4,"6":0,"7":0,"8":1,"9":1,"10":0,"11":0,"12":0,"13":0,"14":0,"15":0,"16":0,"17":0,"18":0,"19":0,"20":0,"21":0,"22":0,"23":0,"24":0,"25":0,"26":0,"27":0,"28":0,"29":0,"30":0,"31":0,"32":0,"33":0,"34":0,"35":0,"36":0,"37":0,"38":0,"39":0,"40":0,"41":0,"42":0,"43":0,"44":0,"45":0,"46":0,"47":0,"48":0,"49":0,"50":0,"51":0,"52":0,"53":0,"54":0,"55":0,"56":0,"57":0,"58":0,"59":0,"60":0,"61":0,"62":0,"63":0,"64":0,"65":0,"66":0,"67":0,"68":0},"fnMap":{"1":{"name":"(anonymous_1)","line":7,"loc":{"start":{"line":7,"column":32},"end":{"line":7,"column":50}}},"2":{"name":"(anonymous_2)","line":9,"loc":{"start":{"line":9,"column":19},"end":{"line":9,"column":31}}},"3":{"name":"defineProperties","line":9,"loc":{"start":{"line":9,"column":33},"end":{"line":9,"column":74}}},"4":{"name":"(anonymous_4)","line":9,"loc":{"start":{"line":9,"column":357},"end":{"line":9,"column":405}}},"5":{"name":"_interopRequireDefault","line":27,"loc":{"start":{"line":27,"column":0},"end":{"line":27,"column":37}}},"6":{"name":"_classCallCheck","line":29,"loc":{"start":{"line":29,"column":0},"end":{"line":29,"column":48}}},"7":{"name":"_possibleConstructorReturn","line":31,"loc":{"start":{"line":31,"column":0},"end":{"line":31,"column":48}}},"8":{"name":"_inherits","line":33,"loc":{"start":{"line":33,"column":0},"end":{"line":33,"column":41}}},"9":{"name":"(anonymous_9)","line":37,"loc":{"start":{"line":37,"column":19},"end":{"line":37,"column":47}}},"10":{"name":"ImageGallery","line":40,"loc":{"start":{"line":40,"column":2},"end":{"line":40,"column":31}}},"11":{"name":"componentWillReceiveProps","line":64,"loc":{"start":{"line":64,"column":11},"end":{"line":64,"column":57}}},"12":{"name":"componentDidUpdate","line":79,"loc":{"start":{"line":79,"column":11},"end":{"line":79,"column":61}}},"13":{"name":"componentWillMount","line":98,"loc":{"start":{"line":98,"column":11},"end":{"line":98,"column":41}}},"14":{"name":"componentDidMount","line":111,"loc":{"start":{"line":111,"column":11},"end":{"line":111,"column":40}}},"15":{"name":"componentWillUnmount","line":125,"loc":{"start":{"line":125,"column":11},"end":{"line":125,"column":43}}},"16":{"name":"play","line":147,"loc":{"start":{"line":147,"column":11},"end":{"line":147,"column":27}}},"17":{"name":"(anonymous_17)","line":158,"loc":{"start":{"line":158,"column":46},"end":{"line":158,"column":58}}},"18":{"name":"pause","line":175,"loc":{"start":{"line":175,"column":11},"end":{"line":175,"column":28}}},"19":{"name":"setModalFullscreen","line":190,"loc":{"start":{"line":190,"column":11},"end":{"line":190,"column":46}}},"20":{"name":"fullScreen","line":199,"loc":{"start":{"line":199,"column":11},"end":{"line":199,"column":33}}},"21":{"name":"exitFullScreen","line":223,"loc":{"start":{"line":223,"column":11},"end":{"line":223,"column":37}}},"22":{"name":"slideToIndex","line":247,"loc":{"start":{"line":247,"column":11},"end":{"line":247,"column":47}}},"23":{"name":"getCurrentIndex","line":279,"loc":{"start":{"line":279,"column":11},"end":{"line":279,"column":38}}},"24":{"name":"_handleScreenChange","line":284,"loc":{"start":{"line":284,"column":11},"end":{"line":284,"column":42}}},"25":{"name":"_onScreenChangeEvent","line":298,"loc":{"start":{"line":298,"column":11},"end":{"line":298,"column":43}}},"26":{"name":"(anonymous_26)","line":301,"loc":{"start":{"line":301,"column":29},"end":{"line":301,"column":50}}},"27":{"name":"_offScreenChangeEvent","line":307,"loc":{"start":{"line":307,"column":11},"end":{"line":307,"column":44}}},"28":{"name":"(anonymous_28)","line":310,"loc":{"start":{"line":310,"column":29},"end":{"line":310,"column":50}}},"29":{"name":"_toggleFullScreen","line":316,"loc":{"start":{"line":316,"column":11},"end":{"line":316,"column":40}}},"30":{"name":"_togglePlay","line":325,"loc":{"start":{"line":325,"column":11},"end":{"line":325,"column":34}}},"31":{"name":"_handleResize","line":334,"loc":{"start":{"line":334,"column":11},"end":{"line":334,"column":36}}},"32":{"name":"(anonymous_32)","line":338,"loc":{"start":{"line":338,"column":44},"end":{"line":338,"column":56}}},"33":{"name":"_isThumbnailHorizontal","line":365,"loc":{"start":{"line":365,"column":11},"end":{"line":365,"column":45}}},"34":{"name":"_handleKeyDown","line":372,"loc":{"start":{"line":372,"column":11},"end":{"line":372,"column":42}}},"35":{"name":"_handleMouseOverThumbnails","line":392,"loc":{"start":{"line":392,"column":11},"end":{"line":392,"column":54}}},"36":{"name":"(anonymous_36)","line":401,"loc":{"start":{"line":401,"column":49},"end":{"line":401,"column":61}}},"37":{"name":"_handleMouseLeaveThumbnails","line":408,"loc":{"start":{"line":408,"column":11},"end":{"line":408,"column":50}}},"38":{"name":"_handleImageError","line":420,"loc":{"start":{"line":420,"column":11},"end":{"line":420,"column":45}}},"39":{"name":"_handleOnSwiped","line":427,"loc":{"start":{"line":427,"column":11},"end":{"line":427,"column":55}}},"40":{"name":"_shouldSlideOnSwipe","line":432,"loc":{"start":{"line":432,"column":11},"end":{"line":432,"column":42}}},"41":{"name":"_handleOnSwipedTo","line":443,"loc":{"start":{"line":443,"column":11},"end":{"line":443,"column":45}}},"42":{"name":"_handleSwiping","line":464,"loc":{"start":{"line":464,"column":11},"end":{"line":464,"column":52}}},"43":{"name":"_canNavigate","line":485,"loc":{"start":{"line":485,"column":11},"end":{"line":485,"column":35}}},"44":{"name":"_canSlideLeft","line":490,"loc":{"start":{"line":490,"column":11},"end":{"line":490,"column":36}}},"45":{"name":"_canSlideRight","line":495,"loc":{"start":{"line":495,"column":11},"end":{"line":495,"column":37}}},"46":{"name":"_updateThumbnailTranslate","line":500,"loc":{"start":{"line":500,"column":11},"end":{"line":500,"column":57}}},"47":{"name":"_setThumbsTranslate","line":517,"loc":{"start":{"line":517,"column":11},"end":{"line":517,"column":57}}},"48":{"name":"_getThumbsTranslate","line":522,"loc":{"start":{"line":522,"column":11},"end":{"line":522,"column":57}}},"49":{"name":"_getAlignmentClassName","line":557,"loc":{"start":{"line":557,"column":11},"end":{"line":557,"column":50}}},"50":{"name":"_getTranslateXForTwoSlide","line":592,"loc":{"start":{"line":592,"column":11},"end":{"line":592,"column":53}}},"51":{"name":"_getThumbnailBarHeight","line":636,"loc":{"start":{"line":636,"column":11},"end":{"line":636,"column":45}}},"52":{"name":"_getSlideStyle","line":646,"loc":{"start":{"line":646,"column":11},"end":{"line":646,"column":42}}},"53":{"name":"_getThumbnailStyle","line":700,"loc":{"start":{"line":700,"column":11},"end":{"line":700,"column":41}}},"54":{"name":"_slideLeft","line":718,"loc":{"start":{"line":718,"column":11},"end":{"line":718,"column":38}}},"55":{"name":"_slideRight","line":723,"loc":{"start":{"line":723,"column":11},"end":{"line":723,"column":39}}},"56":{"name":"_renderItem","line":728,"loc":{"start":{"line":728,"column":11},"end":{"line":728,"column":38}}},"57":{"name":"render","line":751,"loc":{"start":{"line":751,"column":11},"end":{"line":751,"column":29}}},"58":{"name":"(anonymous_58)","line":771,"loc":{"start":{"line":771,"column":27},"end":{"line":771,"column":50}}},"59":{"name":"onClick","line":813,"loc":{"start":{"line":813,"column":23},"end":{"line":813,"column":47}}},"60":{"name":"onClick","line":834,"loc":{"start":{"line":834,"column":21},"end":{"line":834,"column":45}}},"61":{"name":"ref","line":846,"loc":{"start":{"line":846,"column":15},"end":{"line":846,"column":31}}},"62":{"name":"ref","line":922,"loc":{"start":{"line":922,"column":15},"end":{"line":922,"column":31}}},"63":{"name":"ref","line":944,"loc":{"start":{"line":944,"column":21},"end":{"line":944,"column":37}}},"64":{"name":"ref","line":951,"loc":{"start":{"line":951,"column":23},"end":{"line":951,"column":39}}},"65":{"name":"renderLeftNav","line":1032,"loc":{"start":{"line":1032,"column":17},"end":{"line":1032,"column":59}}},"66":{"name":"renderRightNav","line":1041,"loc":{"start":{"line":1041,"column":18},"end":{"line":1041,"column":61}}},"67":{"name":"renderPlayPauseButton","line":1050,"loc":{"start":{"line":1050,"column":25},"end":{"line":1050,"column":76}}},"68":{"name":"renderFullscreenButton","line":1058,"loc":{"start":{"line":1058,"column":26},"end":{"line":1058,"column":81}}}},"statementMap":{"1":{"start":{"line":3,"column":0},"end":{"line":5,"column":3}},"2":{"start":{"line":7,"column":0},"end":{"line":7,"column":257}},"3":{"start":{"line":7,"column":52},"end":{"line":7,"column":239}},"4":{"start":{"line":7,"column":97},"end":{"line":7,"column":123}},"5":{"start":{"line":7,"column":124},"end":{"line":7,"column":237}},"6":{"start":{"line":7,"column":150},"end":{"line":7,"column":235}},"7":{"start":{"line":7,"column":207},"end":{"line":7,"column":233}},"8":{"start":{"line":7,"column":240},"end":{"line":7,"column":254}},"9":{"start":{"line":9,"column":0},"end":{"line":9,"column":564}},"10":{"start":{"line":9,"column":33},"end":{"line":9,"column":349}},"11":{"start":{"line":9,"column":76},"end":{"line":9,"column":347}},"12":{"start":{"line":9,"column":117},"end":{"line":9,"column":143}},"13":{"start":{"line":9,"column":144},"end":{"line":9,"column":199}},"14":{"start":{"line":9,"column":200},"end":{"line":9,"column":231}},"15":{"start":{"line":9,"column":232},"end":{"line":9,"column":286}},"16":{"start":{"line":9,"column":259},"end":{"line":9,"column":286}},"17":{"start":{"line":9,"column":287},"end":{"line":9,"column":345}},"18":{"start":{"line":9,"column":350},"end":{"line":9,"column":559}},"19":{"start":{"line":9,"column":407},"end":{"line":9,"column":475}},"20":{"start":{"line":9,"column":423},"end":{"line":9,"column":475}},"21":{"start":{"line":9,"column":476},"end":{"line":9,"column":536}},"22":{"start":{"line":9,"column":493},"end":{"line":9,"column":536}},"23":{"start":{"line":9,"column":537},"end":{"line":9,"column":556}},"24":{"start":{"line":11,"column":0},"end":{"line":11,"column":30}},"25":{"start":{"line":13,"column":0},"end":{"line":13,"column":45}},"26":{"start":{"line":15,"column":0},"end":{"line":15,"column":49}},"27":{"start":{"line":17,"column":0},"end":{"line":17,"column":63}},"28":{"start":{"line":19,"column":0},"end":{"line":19,"column":41}},"29":{"start":{"line":21,"column":0},"end":{"line":21,"column":47}},"30":{"start":{"line":23,"column":0},"end":{"line":23,"column":42}},"31":{"start":{"line":25,"column":0},"end":{"line":25,"column":48}},"32":{"start":{"line":27,"column":0},"end":{"line":27,"column":95}},"33":{"start":{"line":27,"column":39},"end":{"line":27,"column":93}},"34":{"start":{"line":29,"column":0},"end":{"line":29,"column":153}},"35":{"start":{"line":29,"column":50},"end":{"line":29,"column":151}},"36":{"start":{"line":29,"column":92},"end":{"line":29,"column":149}},"37":{"start":{"line":31,"column":0},"end":{"line":31,"column":240}},"38":{"start":{"line":31,"column":50},"end":{"line":31,"column":151}},"39":{"start":{"line":31,"column":63},"end":{"line":31,"column":149}},"40":{"start":{"line":31,"column":152},"end":{"line":31,"column":238}},"41":{"start":{"line":33,"column":0},"end":{"line":33,"column":494}},"42":{"start":{"line":33,"column":43},"end":{"line":33,"column":208}},"43":{"start":{"line":33,"column":106},"end":{"line":33,"column":206}},"44":{"start":{"line":33,"column":209},"end":{"line":33,"column":373}},"45":{"start":{"line":33,"column":374},"end":{"line":33,"column":492}},"46":{"start":{"line":33,"column":390},"end":{"line":33,"column":492}},"47":{"start":{"line":35,"column":0},"end":{"line":35,"column":117}},"48":{"start":{"line":37,"column":0},"end":{"line":970,"column":29}},"49":{"start":{"line":38,"column":2},"end":{"line":38,"column":44}},"50":{"start":{"line":40,"column":2},"end":{"line":60,"column":3}},"51":{"start":{"line":41,"column":4},"end":{"line":41,"column":40}},"52":{"start":{"line":43,"column":4},"end":{"line":43,"column":104}},"53":{"start":{"line":45,"column":4},"end":{"line":54,"column":6}},"54":{"start":{"line":56,"column":4},"end":{"line":58,"column":5}},"55":{"start":{"line":57,"column":6},"end":{"line":57,"column":29}},"56":{"start":{"line":59,"column":4},"end":{"line":59,"column":17}},"57":{"start":{"line":62,"column":2},"end":{"line":967,"column":6}},"58":{"start":{"line":65,"column":6},"end":{"line":71,"column":7}},"59":{"start":{"line":66,"column":8},"end":{"line":70,"column":9}},"60":{"start":{"line":67,"column":10},"end":{"line":67,"column":69}},"61":{"start":{"line":69,"column":10},"end":{"line":69,"column":66}},"62":{"start":{"line":73,"column":6},"end":{"line":75,"column":7}},"63":{"start":{"line":74,"column":8},"end":{"line":74,"column":30}},"64":{"start":{"line":80,"column":6},"end":{"line":82,"column":7}},"65":{"start":{"line":81,"column":8},"end":{"line":81,"column":29}},"66":{"start":{"line":84,"column":6},"end":{"line":90,"column":7}},"67":{"start":{"line":85,"column":8},"end":{"line":87,"column":9}},"68":{"start":{"line":86,"column":10},"end":{"line":86,"column":54}},"69":{"start":{"line":89,"column":8},"end":{"line":89,"column":50}},"70":{"start":{"line":92,"column":6},"end":{"line":94,"column":7}},"71":{"start":{"line":93,"column":8},"end":{"line":93,"column":128}},"72":{"start":{"line":100,"column":6},"end":{"line":100,"column":67}},"73":{"start":{"line":101,"column":6},"end":{"line":101,"column":126}},"74":{"start":{"line":103,"column":6},"end":{"line":103,"column":57}},"75":{"start":{"line":104,"column":6},"end":{"line":104,"column":76}},"76":{"start":{"line":105,"column":6},"end":{"line":105,"column":69}},"77":{"start":{"line":106,"column":6},"end":{"line":106,"column":59}},"78":{"start":{"line":107,"column":6},"end":{"line":107,"column":33}},"79":{"start":{"line":112,"column":6},"end":{"line":112,"column":27}},"80":{"start":{"line":114,"column":6},"end":{"line":116,"column":7}},"81":{"start":{"line":115,"column":8},"end":{"line":115,"column":20}},"82":{"start":{"line":117,"column":6},"end":{"line":119,"column":7}},"83":{"start":{"line":118,"column":8},"end":{"line":118,"column":64}},"84":{"start":{"line":120,"column":6},"end":{"line":120,"column":62}},"85":{"start":{"line":121,"column":6},"end":{"line":121,"column":34}},"86":{"start":{"line":126,"column":6},"end":{"line":128,"column":7}},"87":{"start":{"line":127,"column":8},"end":{"line":127,"column":67}},"88":{"start":{"line":130,"column":6},"end":{"line":132,"column":7}},"89":{"start":{"line":131,"column":8},"end":{"line":131,"column":67}},"90":{"start":{"line":134,"column":6},"end":{"line":134,"column":35}},"91":{"start":{"line":136,"column":6},"end":{"line":139,"column":7}},"92":{"start":{"line":137,"column":8},"end":{"line":137,"column":47}},"93":{"start":{"line":138,"column":8},"end":{"line":138,"column":32}},"94":{"start":{"line":141,"column":6},"end":{"line":143,"column":7}},"95":{"start":{"line":142,"column":8},"end":{"line":142,"column":47}},"96":{"start":{"line":148,"column":6},"end":{"line":148,"column":24}},"97":{"start":{"line":150,"column":6},"end":{"line":150,"column":95}},"98":{"start":{"line":152,"column":6},"end":{"line":171,"column":7}},"99":{"start":{"line":153,"column":8},"end":{"line":153,"column":32}},"100":{"start":{"line":154,"column":8},"end":{"line":154,"column":49}},"101":{"start":{"line":155,"column":8},"end":{"line":155,"column":49}},"102":{"start":{"line":157,"column":8},"end":{"line":157,"column":43}},"103":{"start":{"line":158,"column":8},"end":{"line":166,"column":51}},"104":{"start":{"line":159,"column":10},"end":{"line":165,"column":11}},"105":{"start":{"line":160,"column":12},"end":{"line":164,"column":13}},"106":{"start":{"line":161,"column":14},"end":{"line":161,"column":29}},"107":{"start":{"line":163,"column":14},"end":{"line":163,"column":65}},"108":{"start":{"line":168,"column":8},"end":{"line":170,"column":9}},"109":{"start":{"line":169,"column":10},"end":{"line":169,"column":53}},"110":{"start":{"line":176,"column":6},"end":{"line":176,"column":95}},"111":{"start":{"line":178,"column":6},"end":{"line":186,"column":7}},"112":{"start":{"line":179,"column":8},"end":{"line":179,"column":47}},"113":{"start":{"line":180,"column":8},"end":{"line":180,"column":32}},"114":{"start":{"line":181,"column":8},"end":{"line":181,"column":44}},"115":{"start":{"line":183,"column":8},"end":{"line":185,"column":9}},"116":{"start":{"line":184,"column":10},"end":{"line":184,"column":54}},"117":{"start":{"line":191,"column":6},"end":{"line":191,"column":48}},"118":{"start":{"line":193,"column":6},"end":{"line":195,"column":7}},"119":{"start":{"line":194,"column":8},"end":{"line":194,"column":41}},"120":{"start":{"line":200,"column":6},"end":{"line":200,"column":39}},"121":{"start":{"line":202,"column":6},"end":{"line":217,"column":7}},"122":{"start":{"line":203,"column":8},"end":{"line":214,"column":9}},"123":{"start":{"line":204,"column":10},"end":{"line":204,"column":38}},"124":{"start":{"line":205,"column":15},"end":{"line":214,"column":9}},"125":{"start":{"line":206,"column":10},"end":{"line":206,"column":40}},"126":{"start":{"line":207,"column":15},"end":{"line":214,"column":9}},"127":{"start":{"line":208,"column":10},"end":{"line":208,"column":41}},"128":{"start":{"line":209,"column":15},"end":{"line":214,"column":9}},"129":{"start":{"line":210,"column":10},"end":{"line":210,"column":44}},"130":{"start":{"line":213,"column":10},"end":{"line":213,"column":40}},"131":{"start":{"line":216,"column":8},"end":{"line":216,"column":38}},"132":{"start":{"line":219,"column":6},"end":{"line":219,"column":44}},"133":{"start":{"line":224,"column":6},"end":{"line":243,"column":7}},"134":{"start":{"line":225,"column":8},"end":{"line":240,"column":9}},"135":{"start":{"line":226,"column":10},"end":{"line":237,"column":11}},"136":{"start":{"line":227,"column":12},"end":{"line":227,"column":38}},"137":{"start":{"line":228,"column":17},"end":{"line":237,"column":11}},"138":{"start":{"line":229,"column":12},"end":{"line":229,"column":44}},"139":{"start":{"line":230,"column":17},"end":{"line":237,"column":11}},"140":{"start":{"line":231,"column":12},"end":{"line":231,"column":43}},"141":{"start":{"line":232,"column":17},"end":{"line":237,"column":11}},"142":{"start":{"line":233,"column":12},"end":{"line":233,"column":40}},"143":{"start":{"line":236,"column":12},"end":{"line":236,"column":43}},"144":{"start":{"line":239,"column":10},"end":{"line":239,"column":41}},"145":{"start":{"line":242,"column":8},"end":{"line":242,"column":47}},"146":{"start":{"line":248,"column":6},"end":{"line":248,"column":49}},"147":{"start":{"line":251,"column":6},"end":{"line":257,"column":7}},"148":{"start":{"line":252,"column":8},"end":{"line":256,"column":9}},"149":{"start":{"line":254,"column":10},"end":{"line":254,"column":28}},"150":{"start":{"line":255,"column":10},"end":{"line":255,"column":27}},"151":{"start":{"line":259,"column":6},"end":{"line":259,"column":51}},"152":{"start":{"line":260,"column":6},"end":{"line":260,"column":28}},"153":{"start":{"line":262,"column":6},"end":{"line":266,"column":7}},"154":{"start":{"line":263,"column":8},"end":{"line":263,"column":31}},"155":{"start":{"line":264,"column":13},"end":{"line":266,"column":7}},"156":{"start":{"line":265,"column":8},"end":{"line":265,"column":22}},"157":{"start":{"line":268,"column":6},"end":{"line":275,"column":9}},"158":{"start":{"line":280,"column":6},"end":{"line":280,"column":37}},"159":{"start":{"line":288,"column":6},"end":{"line":288,"column":158}},"160":{"start":{"line":290,"column":6},"end":{"line":292,"column":7}},"161":{"start":{"line":291,"column":8},"end":{"line":291,"column":53}},"162":{"start":{"line":294,"column":6},"end":{"line":294,"column":59}},"163":{"start":{"line":299,"column":6},"end":{"line":299,"column":24}},"164":{"start":{"line":301,"column":6},"end":{"line":303,"column":9}},"165":{"start":{"line":302,"column":8},"end":{"line":302,"column":73}},"166":{"start":{"line":308,"column":6},"end":{"line":308,"column":24}},"167":{"start":{"line":310,"column":6},"end":{"line":312,"column":9}},"168":{"start":{"line":311,"column":8},"end":{"line":311,"column":76}},"169":{"start":{"line":317,"column":6},"end":{"line":321,"column":7}},"170":{"start":{"line":318,"column":8},"end":{"line":318,"column":30}},"171":{"start":{"line":320,"column":8},"end":{"line":320,"column":26}},"172":{"start":{"line":326,"column":6},"end":{"line":330,"column":7}},"173":{"start":{"line":327,"column":8},"end":{"line":327,"column":21}},"174":{"start":{"line":329,"column":8},"end":{"line":329,"column":20}},"175":{"start":{"line":335,"column":6},"end":{"line":335,"column":24}},"176":{"start":{"line":338,"column":6},"end":{"line":361,"column":14}},"177":{"start":{"line":339,"column":8},"end":{"line":343,"column":9}},"178":{"start":{"line":340,"column":10},"end":{"line":342,"column":13}},"179":{"start":{"line":346,"column":8},"end":{"line":346,"column":131}},"180":{"start":{"line":348,"column":8},"end":{"line":352,"column":9}},"181":{"start":{"line":349,"column":10},"end":{"line":351,"column":13}},"182":{"start":{"line":354,"column":8},"end":{"line":360,"column":9}},"183":{"start":{"line":355,"column":10},"end":{"line":359,"column":11}},"184":{"start":{"line":356,"column":12},"end":{"line":356,"column":97}},"185":{"start":{"line":358,"column":12},"end":{"line":358,"column":95}},"186":{"start":{"line":366,"column":6},"end":{"line":366,"column":59}},"187":{"start":{"line":368,"column":6},"end":{"line":368,"column":75}},"188":{"start":{"line":373,"column":6},"end":{"line":373,"column":26}},"189":{"start":{"line":374,"column":6},"end":{"line":374,"column":27}},"190":{"start":{"line":375,"column":6},"end":{"line":375,"column":60}},"191":{"start":{"line":377,"column":6},"end":{"line":388,"column":7}},"192":{"start":{"line":379,"column":10},"end":{"line":381,"column":11}},"193":{"start":{"line":380,"column":12},"end":{"line":380,"column":30}},"194":{"start":{"line":382,"column":10},"end":{"line":382,"column":16}},"195":{"start":{"line":384,"column":10},"end":{"line":386,"column":11}},"196":{"start":{"line":385,"column":12},"end":{"line":385,"column":31}},"197":{"start":{"line":387,"column":10},"end":{"line":387,"column":16}},"198":{"start":{"line":393,"column":6},"end":{"line":393,"column":24}},"199":{"start":{"line":395,"column":6},"end":{"line":404,"column":7}},"200":{"start":{"line":396,"column":8},"end":{"line":396,"column":42}},"201":{"start":{"line":397,"column":8},"end":{"line":400,"column":9}},"202":{"start":{"line":398,"column":10},"end":{"line":398,"column":52}},"203":{"start":{"line":399,"column":10},"end":{"line":399,"column":38}},"204":{"start":{"line":401,"column":8},"end":{"line":403,"column":33}},"205":{"start":{"line":402,"column":10},"end":{"line":402,"column":37}},"206":{"start":{"line":409,"column":6},"end":{"line":415,"column":7}},"207":{"start":{"line":410,"column":8},"end":{"line":410,"column":50}},"208":{"start":{"line":411,"column":8},"end":{"line":411,"column":36}},"209":{"start":{"line":412,"column":8},"end":{"line":414,"column":9}},"210":{"start":{"line":413,"column":10},"end":{"line":413,"column":27}},"211":{"start":{"line":416,"column":6},"end":{"line":416,"column":41}},"212":{"start":{"line":421,"column":6},"end":{"line":423,"column":7}},"213":{"start":{"line":422,"column":8},"end":{"line":422,"column":51}},"214":{"start":{"line":428,"column":6},"end":{"line":428,"column":42}},"215":{"start":{"line":433,"column":6},"end":{"line":433,"column":89}},"216":{"start":{"line":435,"column":6},"end":{"line":438,"column":7}},"217":{"start":{"line":437,"column":8},"end":{"line":437,"column":42}},"218":{"start":{"line":439,"column":6},"end":{"line":439,"column":25}},"219":{"start":{"line":444,"column":6},"end":{"line":444,"column":44}},"220":{"start":{"line":446,"column":6},"end":{"line":448,"column":7}},"221":{"start":{"line":447,"column":8},"end":{"line":447,"column":25}},"222":{"start":{"line":450,"column":6},"end":{"line":458,"column":7}},"223":{"start":{"line":451,"column":8},"end":{"line":453,"column":9}},"224":{"start":{"line":452,"column":10},"end":{"line":452,"column":44}},"225":{"start":{"line":455,"column":8},"end":{"line":457,"column":9}},"226":{"start":{"line":456,"column":10},"end":{"line":456,"column":44}},"227":{"start":{"line":460,"column":6},"end":{"line":460,"column":45}},"228":{"start":{"line":465,"column":6},"end":{"line":465,"column":75}},"229":{"start":{"line":466,"column":6},"end":{"line":466,"column":49}},"230":{"start":{"line":469,"column":6},"end":{"line":469,"column":66}},"231":{"start":{"line":470,"column":6},"end":{"line":472,"column":7}},"232":{"start":{"line":471,"column":8},"end":{"line":471,"column":39}},"233":{"start":{"line":474,"column":6},"end":{"line":476,"column":8}},"234":{"start":{"line":478,"column":6},"end":{"line":481,"column":9}},"235":{"start":{"line":486,"column":6},"end":{"line":486,"column":42}},"236":{"start":{"line":491,"column":6},"end":{"line":491,"column":64}},"237":{"start":{"line":496,"column":6},"end":{"line":496,"column":90}},"238":{"start":{"line":501,"column":6},"end":{"line":513,"column":7}},"239":{"start":{"line":502,"column":8},"end":{"line":502,"column":36}},"240":{"start":{"line":504,"column":8},"end":{"line":504,"column":89}},"241":{"start":{"line":505,"column":8},"end":{"line":505,"column":63}},"242":{"start":{"line":506,"column":8},"end":{"line":512,"column":9}},"243":{"start":{"line":507,"column":10},"end":{"line":511,"column":11}},"244":{"start":{"line":508,"column":12},"end":{"line":508,"column":74}},"245":{"st
[...]
r = _this7._handleImageError;","        if (_this7.props.onThumbnailError) {","          onThumbnailError = _this7.props.onThumbnailError;","        }","","        if (_this7.props.showThumbnails) {","          thumbnails.push(_react2.default.createElement(","            'a',","            {","              onMouseOver: _this7._handleMouseOverThumbnails.bind(_this7, index),","              onMouseLeave: _this7._handleMouseLeaveThumbnails.bind(_this7, index),","              key: index,","              role: 'button',","              'aria-pressed': currentIndex === index ? 'true' : 'false',","              'aria-label': 'Go to Slide ' + (index + 1),","              className: 'image-gallery-thumbnail' + (currentIndex === index ? ' active' : '') + thumbnailClass,","","              onClick: function onClick(event) {","                return _this7.slideToIndex.call(_this7, index, event);","              } },","            _react2.default.createElement('img', {","              src: item.thumbnail,","              alt: item.thumbnailAlt,","              onError: onThumbnailError.bind(_this7) }),","            _react2.default.createElement(","              'div',","              { className: 'image-gallery-thumbnail-label' },","              item.thumbnailLabel","            )","          ));","        }","","        if (_this7.props.showBullets) {","          bullets.push(_react2.default.createElement('button', {","            key: index,","            type: 'button',","            className: 'image-gallery-bullet ' + (currentIndex === index ? 'active' : ''),","","            onClick: function onClick(event) {","              return _this7.slideToIndex.call(_this7, index, event);","            },","            'aria-pressed': currentIndex === index ? 'true' : 'false',","            'aria-label': 'Go to Slide ' + (index + 1)","          }));","        }","      });","","      var slideWrapper = _react2.default.createElement(","        'div',","        {","          ref: function ref(i) {","            return _this7._imageGallerySlideWrapper = i;","          },","          className: 'image-gallery-slide-wrapper ' + thumbnailPosition","        },","        this.props.renderCustomControls && this.props.renderCustomControls(),","        this.props.showFullscreenButton && this.props.renderFullscreenButton(this._toggleFullScreen.bind(this), isFullscreen),","        this.props.showPlayButton && this.props.renderPlayPauseButton(this._togglePlay.bind(this), isPlaying),","        this._canNavigate() ? [this.props.showNav && _react2.default.createElement(","          'span',","          { key: 'navigation' },","          this.props.renderLeftNav(slideLeft, !this._canSlideLeft()),","          this.props.renderRightNav(slideRight, !this._canSlideRight())","        ), this.props.disableSwipe ? _react2.default.createElement(","          'div',","          { className: 'image-gallery-slides', key: 'slides' },","          slides","        ) : _react2.default.createElement(","          _reactSwipeable2.default,","          {","            className: 'image-gallery-swipe',","            key: 'swipeable',","            delta: 1,","            onSwipingLeft: this._handleSwiping.bind(this, -1),","            onSwipingRight: this._handleSwiping.bind(this, 1),","            onSwiped: this._handleOnSwiped.bind(this),","            onSwipedLeft: this._handleOnSwipedTo.bind(this, 1),","            onSwipedRight: this._handleOnSwipedTo.bind(this, -1)","          },","          _react2.default.createElement(","            'div',","            { className: 'image-gallery-slides' },","            slides","          )","        )] : _react2.default.createElement(","          'div',","          { className: 'image-gallery-slides' },","          slides","        ),","        this.props.showBullets && _react2.default.createElement(","          'div',","          { className: 'image-gallery-bullets' },","          _react2.default.createElement(","            'ul',","            {","              className: 'image-gallery-bullets-container',","              role: 'navigation',","              'aria-label': 'Bullet Navigation'","            },","            bullets","          )","        ),","        this.props.showIndex && _react2.default.createElement(","          'div',","          { className: 'image-gallery-index' },","          _react2.default.createElement(","            'span',","            { className: 'image-gallery-index-current' },","            this.state.currentIndex + 1","          ),","          _react2.default.createElement(","            'span',","            { className: 'image-gallery-index-separator' },","            this.props.indexSeparator","          ),","          _react2.default.createElement(","            'span',","            { className: 'image-gallery-index-total' },","            this.props.items.length","          )","        )","      );","","      return _react2.default.createElement(","        'section',","        {","          ref: function ref(i) {","            return _this7._imageGallery = i;","          },","          className: 'image-gallery' + (modalFullscreen ? ' fullscreen-modal' : ''),","          'aria-live': 'polite'","        },","        _react2.default.createElement(","          'div',","          {","            className: 'image-gallery-content' + (isFullscreen ? ' fullscreen' : '')","          },","          (thumbnailPosition === 'bottom' || thumbnailPosition === 'right') && slideWrapper,","          this.props.showThumbnails && _react2.default.createElement(","            'div',","            {","              className: 'image-gallery-thumbnails-wrapper ' + thumbnailPosition,","              style: this._getThumbnailBarHeight()","            },","            _react2.default.createElement(","              'div',","              {","                className: 'image-gallery-thumbnails',","                ref: function ref(i) {","                  return _this7._thumbnailsWrapper = i;","                }","              },","              _react2.default.createElement(","                'div',","                {","                  ref: function ref(t) {","                    return _this7._thumbnails = t;","                  },","                  className: 'image-gallery-thumbnails-container',","                  style: thumbnailStyle,","                  role: 'navigation',","                  'aria-label': 'Thumbnail Navigation'","                },","                thumbnails","              )","            )","          ),","          (thumbnailPosition === 'top' || thumbnailPosition === 'left') && slideWrapper","        )","      );","    }","  }]);","","  return ImageGallery;","}(_react2.default.Component);","","ImageGallery.propTypes = {","  items: _react2.default.PropTypes.array.isRequired,","  showNav: _react2.default.PropTypes.bool,","  autoPlay: _react2.default.PropTypes.bool,","  lazyLoad: _react2.default.PropTypes.bool,","  infinite: _react2.default.PropTypes.bool,","  showIndex: _react2.default.PropTypes.bool,","  showBullets: _react2.default.PropTypes.bool,","  showThumbnails: _react2.default.PropTypes.bool,","  showPlayButton: _react2.default.PropTypes.bool,","  showFullscreenButton: _react2.default.PropTypes.bool,","  slideOnThumbnailHover: _react2.default.PropTypes.bool,","  disableThumbnailScroll: _react2.default.PropTypes.bool,","  disableArrowKeys: _react2.default.PropTypes.bool,","  disableSwipe: _react2.default.PropTypes.bool,","  useBrowserFullscreen: _react2.default.PropTypes.bool,","  defaultImage: _react2.default.PropTypes.string,","  indexSeparator: _react2.default.PropTypes.string,","  thumbnailPosition: _react2.default.PropTypes.string,","  startIndex: _react2.default.PropTypes.number,","  slideDuration: _react2.default.PropTypes.number,","  slideInterval: _react2.default.PropTypes.number,","  swipingTransitionDuration: _react2.default.PropTypes.number,","  onSlide: _react2.default.PropTypes.func,","  onScreenChange: _react2.default.PropTypes.func,","  onPause: _react2.default.PropTypes.func,","  onPlay: _react2.default.PropTypes.func,","  onClick: _react2.default.PropTypes.func,","  onImageLoad: _react2.default.PropTypes.func,","  onImageError: _react2.default.PropTypes.func,","  onThumbnailError: _react2.default.PropTypes.func,","  renderCustomControls: _react2.default.PropTypes.func,","  renderLeftNav: _react2.default.PropTypes.func,","  renderRightNav: _react2.default.PropTypes.func,","  renderPlayPauseButton: _react2.default.PropTypes.func,","  renderFullscreenButton: _react2.default.PropTypes.func,","  renderItem: _react2.default.PropTypes.func","};","ImageGallery.defaultProps = {","  items: [],","  showNav: true,","  autoPlay: false,","  lazyLoad: false,","  infinite: true,","  showIndex: false,","  showBullets: false,","  showThumbnails: true,","  showPlayButton: true,","  showFullscreenButton: true,","  slideOnThumbnailHover: false,","  disableThumbnailScroll: false,","  disableArrowKeys: false,","  disableSwipe: false,","  useBrowserFullscreen: true,","  indexSeparator: ' / ',","  thumbnailPosition: 'bottom',","  startIndex: 0,","  slideDuration: 450,","  swipingTransitionDuration: 0,","  slideInterval: 3000,","  renderLeftNav: function renderLeftNav(onClick, disabled) {","    return _react2.default.createElement('button', {","      type: 'button',","      className: 'image-gallery-left-nav',","      disabled: disabled,","      onClick: onClick,","      'aria-label': 'Previous Slide'","    });","  },","  renderRightNav: function renderRightNav(onClick, disabled) {","    return _react2.default.createElement('button', {","      type: 'button',","      className: 'image-gallery-right-nav',","      disabled: disabled,","      onClick: onClick,","      'aria-label': 'Next Slide'","    });","  },","  renderPlayPauseButton: function renderPlayPauseButton(onClick, isPlaying) {","    return _react2.default.createElement('button', {","      type: 'button',","      className: 'image-gallery-play-button' + (isPlaying ? ' active' : ''),","      onClick: onClick,","      'aria-label': 'Play or Pause Slideshow'","    });","  },","  renderFullscreenButton: function renderFullscreenButton(onClick, isFullscreen) {","    return _react2.default.createElement('button', {","      type: 'button',","      className: 'image-gallery-fullscreen-button' + (isFullscreen ? ' active' : ''),","      onClick: onClick,","      'aria-label': 'Open Fullscreen'","    });","  }","};","exports.default = ImageGallery;"],"l":{"3":1,"7":1,"9":42,"11":1,"13":1,"15":1,"17":1,"19":1,"21":1,"23":1,"25":1,"27":4,"29":1,"31":1,"33":1,"35":1,"37":1,"38":1,"40":1,"41":0,"43":0,"45":0,"56":0,"57":0,"59":0,"62":1,"65":0,"66":0,"67":0,"69":0,"73":0,"74":0,"80":0,"81":0,"84":0,"85":0,"86":0,"89":0,"92":0,"93":0,"100":0,"101":0,"103":0,"104":0,"105":0,"106":0,"107":0,"112":0,"114":0,"115":0,"117":0,"118":0,"120":0,"121":0,"126":0,"127":0,"130":0,"131":0,"134":0,"136":0,"137":0,"138":0,"141":0,"142":0,"148":0,"150":0,"152":0,"153":0,"154":0,"155":0,"157":0,"158":0,"159":0,"160":0,"161":0,"163":0,"168":0,"169":0,"176":0,"178":0,"179":0,"180":0,"181":0,"183":0,"184":0,"191":0,"193":0,"194":0,"200":0,"202":0,"203":0,"204":0,"205":0,"206":0,"207":0,"208":0,"209":0,"210":0,"213":0,"216":0,"219":0,"224":0,"225":0,"226":0,"227":0,"228":0,"229":0,"230":0,"231":0,"232":0,"233":0,"236":0,"239":0,"242":0,"248":0,"251":0,"252":0,"254":0,"255":0,"259":0,"260":0,"262":0,"263":0,"264":0,"265":0,"268":0,"280":0,"288":0,"290":0,"291":0,"294":0,"299":0,"301":0,"302":0,"308":0,"310":0,"311":0,"317":0,"318":0,"320":0,"326":0,"327":0,"329":0,"335":0,"338":0,"339":0,"340":0,"346":0,"348":0,"349":0,"354":0,"355":0,"356":0,"358":0,"366":0,"368":0,"373":0,"374":0,"375":0,"377":0,"379":0,"380":0,"382":0,"384":0,"385":0,"387":0,"393":0,"395":0,"396":0,"397":0,"398":0,"399":0,"401":0,"402":0,"409":0,"410":0,"411":0,"412":0,"413":0,"416":0,"421":0,"422":0,"428":0,"433":0,"435":0,"437":0,"439":0,"444":0,"446":0,"447":0,"450":0,"451":0,"452":0,"455":0,"456":0,"460":0,"465":0,"466":0,"469":0,"470":0,"471":0,"474":0,"478":0,"486":0,"491":0,"496":0,"501":0,"502":0,"504":0,"505":0,"506":0,"507":0,"508":0,"509":0,"510":0,"518":0,"523":0,"524":0,"527":0,"528":0,"529":0,"531":0,"533":0,"536":0,"537":0,"538":0,"540":0,"542":0,"543":0,"545":0,"548":0,"550":0,"552":0,"559":0,"561":0,"562":0,"563":0,"564":0,"566":0,"568":0,"569":0,"571":0,"572":0,"574":0,"575":0,"578":0,"579":0,"581":0,"582":0,"584":0,"588":0,"594":0,"595":0,"596":0,"597":0,"599":0,"600":0,"603":0,"604":0,"605":0,"606":0,"610":0,"611":0,"612":0,"613":0,"616":0,"618":0,"619":0,"620":0,"621":0,"625":0,"626":0,"627":0,"628":0,"632":0,"637":0,"638":0,"642":0,"647":0,"648":0,"649":0,"650":0,"651":0,"652":0,"654":0,"655":0,"658":0,"663":0,"664":0,"665":0,"666":0,"667":0,"668":0,"669":0,"672":0,"673":0,"675":0,"676":0,"678":0,"683":0,"684":0,"687":0,"689":0,"701":0,"703":0,"704":0,"706":0,"708":0,"719":0,"724":0,"729":0,"731":0,"752":0,"754":0,"755":0,"756":0,"757":0,"758":0,"761":0,"762":0,"764":0,"765":0,"767":0,"768":0,"769":0,"771":0,"772":0,"773":0,"774":0,"776":0,"778":0,"779":0,"780":0,"783":0,"794":0,"796":0,"797":0,"798":0,"801":0,"802":0,"814":0,"828":0,"829":0,"835":0,"843":0,"847":0,"919":0,"923":0,"945":0,"952":0,"969":1,"972":1,"1010":1,"1033":0,"1042":0,"1051":0,"1059":0,"1067":1}},"/home/travis/build/npmtest/node-npmtest-react-image-gallery/node_modules/react-image-gallery/gulpfile.js":{"path":"/home/travis/build/npmtest/node-npmtest-react-image-gallery/node_modules/react-image-gallery/gulpfile.js","s":{"1":2,"2":0,"3":0,"4":0,"5":0,"6":0,"7":0,"8":0,"9":0,"10":0,"11":0,"12":0,"13":0,"14":0,"15":0,"16":0,"17":0,"18":0,"19":0,"20":0,"21":0,"22":0,"23":0,"24":0,"25":0,"26":0,"27":0,"28":0,"29":0,"30":0,"31":0,"32":0,"33":0,"34":0,"35":0},"b":{},"f":{"1":0,"2":0,"3":0,"4":0,"5":0,"6":0,"7":0},"fnMap":{"1":{"name":"(anonymous_1)","line":20,"loc":{"start":{"line":20,"column":20},"end":{"line":20,"column":32}}},"2":{"name":"(anonymous_2)","line":29,"loc":{"start":{"line":29,"column":18},"end":{"line":29,"column":30}}},"3":{"name":"(anonymous_3)","line":37,"loc":{"start":{"line":37,"column":26},"end":{"line":37,"column":38}}},"4":{"name":"(anonymous_4)","line":45,"loc":{"start":{"line":45,"column":21},"end":{"line":45,"column":32}}},"5":{"name":"(anonymous_5)","line":58,"loc":{"start":{"line":58,"column":22},"end":{"line":58,"column":33}}},"6":{"name":"(anonymous_6)","line":77,"loc":{"start":{"line":77,"column":23},"end":{"line":77,"column":35}}},"7":{"name":"(anonymous_7)","line":84,"loc":{"start":{"line":84,"column":19},"end":{"line":84,"column":30}}}},"statementMap":{"1":{"start":{"line":1,"column":0},"end":{"line":1,"column":34}},"2":{"start":{"line":2,"column":0},"end":{"line":2,"column":39}},"3":{"start":{"line":3,"column":0},"end":{"line":3,"column":36}},"4":{"start":{"line":4,"column":0},"end":{"line":4,"column":38}},"5":{"start":{"line":5,"column":0},"end":{"line":5,"column":27}},"6":{"start":{"line":6,"column":0},"end":{"line":6,"column":44}},"7":{"start":{"line":7,"column":0},"end":{"line":7,"column":36}},"8":{"start":{"line":8,"column":0},"end":{"line":8,"column":32}},"9":{"start":{"line":9,"column":0},"end":{"line":9,"column":36}},"10":{"start":{"line":10,"column":0},"end":{"line":10,"column":41}},"11":{"start":{"line":11,"column":0},"end":{"line":11,"column":44}},"12":{"start":{"line":12,"column":0},"end":{"line":12,"column":37}},"13":{"start":{"line":13,"column":0},"end":{"line":13,"column":35}},"14":{"start":{"line":15,"column":0},"end":{"line":18,"column":2}},"15":{"start":{"line":20,"column":0},"end":{"line":27,"column":3}},"16":{"start":{"line":21,"column":2},"end":{"line":26,"column":5}},"17":{"start":{"line":29,"column":0},"end":{"line":35,"column":3}},"18":{"start":{"line":30,"column":2},"end":{"line":34,"column":24}},"19":{"start":{"line":37,"column":0},"end":{"line":43,"column":3}},"20":{"start":{"line":38,"column":2},"end":{"line":42,"column":24}},"21":{"start":{"line":45,"column":0},"end":{"line":56,"column":3}},"22":{"start":{"line":46,"column":2},"end":{"line":55,"column":24}},"23":{"start":{"line":58,"column":0},"end":{"line":75,"column":3}},"24":{"start":{"line":59,"column":2},"end":{"line":59,"column":38}},"25":{"start":{"line":60,"column":2},"end":{"line":69,"column":32}},"26":{"start":{"line":71,"column":2},"end":{"line":74,"column":32}},"27":{"start":{"line":77,"column":0},"end":{"line":82,"column":3}},"28":{"start":{"line":78,"column":2},"end":{"line":81,"column":32}},"29":{"start":{"line":84,"column":0},"end":{"line":88,"column":3}},"30":{"start":{"line":85,"column":2},"end":{"line":85,"column":22}},"31":{"start":{"line":86,"column":2},"end":{"line":86,"column":45}},"32":{"start":{"line":87,"column":2},"end":{"line":87,"column":59}},"33":{"start":{"line":90,"column":0},"end":{"line":90,"column":57}},"34":{"start":{"line":91,"column":0},"end":{"line":91,"column":58}},"35":{"start":{"line":92,"column":0},"end":{"line":92,"column":32}}},"branchMap":{},"code":["var babel = require('gulp-babel');","var browserify = require('browserify');","var concat = require('gulp-concat');","var connect = require('gulp-connect');","var gulp = require('gulp');","var livereload = require('gulp-livereload');","var rename = require('gulp-rename');","var sass = require('gulp-sass');","var uglify = require('gulp-uglify');","var cleanCSS = require('gulp-clean-css');","var source = require('vinyl-source-stream');","var buffer = require('vinyl-buffer');","var watchify = require('watchify');","","var babelOptions = {","  plugins: ['transform-object-assign'],","  presets: ['es2015', 'react', 'stage-0']","};","","gulp.task('server', function () {","  connect.server({","    host: '0.0.0.0',","    root: ['example', 'build', 'styles'],","    port: 8001,","    livereload: true","  });","});","","gulp.task('sass', function () {","  gulp.src('./styles/scss/image-gallery.scss')","    .pipe(sass())","    .pipe(rename('image-gallery.css'))","    .pipe(gulp.dest('./styles/css/'))","    .pipe(livereload());","});","","gulp.task('sass-no-icon', function () {","  gulp.src('./styles/scss/image-gallery-no-icon.scss')","    .pipe(sass())","    .pipe(rename('image-gallery-no-icon.css'))","    .pipe(gulp.dest('./styles/css/'))","    .pipe(livereload());","});","","gulp.task('scripts', function() {","  watchify(browserify({","    entries: './example/app.js',","    extensions: ['.jsx'],","    debug: true","  }).transform('babelify', babelOptions))","    .bundle()","    .pipe(source('example.js'))","    .pipe(buffer())","    .pipe(gulp.dest('./example/'))","    .pipe(livereload());","});","","gulp.task('demo-src', function() {","  process.env.NODE_ENV = 'production';","  browserify({","    entries: './example/app.js',","    extensions: ['.jsx'],","    debug: true","  }).transform('babelify', babelOptions)","    .bundle()","    .pipe(source('demo.js'))","    .pipe(buffer())","    .pipe(uglify())","    .pipe(gulp.dest('./demo/'));","","  gulp.src(['./styles/css/image-gallery.css', './example/app.css'])","    .pipe(concat('demo.css'))","    .pipe(cleanCSS({keepSpecialComments: false}))","    .pipe(gulp.dest('./demo/'));","});","","gulp.task('source-js', function () {","  return gulp.src('./src/ImageGallery.jsx')","    .pipe(concat('image-gallery.js'))","    .pipe(babel(babelOptions))","    .pipe(gulp.dest('./build'));","});","","gulp.task('watch', function() {","  livereload.listen();","  gulp.watch(['styles/**/*.scss'], ['sass']);","  gulp.watch(['src/*.jsx', 'example/app.js'], ['scripts']);","});","","gulp.task('dev', ['watch', 'scripts', 'sass', 'server']);","gulp.task('build', ['source-js', 'sass', 'sass-no-icon']);","gulp.task('demo', ['demo-src']);",""],"l":{"1":2,"2":0,"3":0,"4":0,"5":0,"6":0,"7":0,"8":0,"9":0,"10":0,"11":0,"12":0,"13":0,"15":0,"20":0,"21":0,"29":0,"30":0,"37":0,"38":0,"45":0,"46":0,"58":0,"59":0,"60":0,"71":0,"77":0,"78":0,"84":0,"85":0,"86":0,"87":0,"90":0,"91":0,"92":0}}}